[2026-03-31 16:15:39] 🔁 Script configurado para rodar a cada 3 minutos.
[2026-03-31 16:15:39] ==================================================
[2026-03-31 16:15:39] 🚀 Iniciando nova execução
[2026-03-31 16:15:39] ==================================================
[2026-03-31 16:15:43] 🌐 Abrindo login...
[2026-03-31 16:15:47] 🔐 Preenchendo credenciais...
[2026-03-31 16:15:48] ➡️ Clicando em Acessar...
[2026-03-31 16:15:55] ✅ Login concluído. URL atual: https://gtn.ninecon.com.br/ords/r/gtn/gtn/home?session=127004278878697
[2026-03-31 16:15:55] 📂 Abrindo grupo do programa...
[2026-03-31 16:15:59] 🧭 Abrindo navegação principal...
[2026-03-31 16:15:59] 🌲 Expandindo menu...
[2026-03-31 16:15:59] 🧪 Entrando em Execução de Testes...
[2026-03-31 16:16:22] ✅ Tela de execução aberta: https://gtn.ninecon.com.br/ords/r/gtn/gtn/execu%C3%A7%C3%A3o-dos-testes?request=.&clear=NO&session=127004278878697&cs=3mL1E0wxWg7uhQu_c9KRDrvbp0VYUyELbA4rp4hsgvSU0BqNKH38gIVqHLAwj5vn_UbNhOxE1AxA2SE1r12YRCA
[2026-03-31 16:16:22] ⚙️ Abrindo opções do relatório...
[2026-03-31 16:16:27] 📤 Abrindo menu Ações...
[2026-03-31 16:16:28] ⬇️ Baixando CSV...
[2026-03-31 16:16:33] ✅ CSV salvo em: C:\REPOSITORIOS\GTN_CENARIOS\SIT-Conecta\downloads\20260331_161633_Cenários.csv
[2026-03-31 16:16:33] 🧹 Tratando arquivo para dashboard...
[2026-03-31 16:16:33] ✅ Leitura realizada com sep=';' e encoding='latin1'
[2026-03-31 16:16:33] ✅ Arquivo final gerado: C:\REPOSITORIOS\GTN_CENARIOS\SIT-Conecta\dashboard_data\Cenarios_Consolidados_atualizado.csv
[2026-03-31 16:16:33] 🕒 Coluna 'Gerado em' preenchida com: 2026-03-31 16:16
[2026-03-31 16:16:49] 📸 Screenshot salvo em: C:\REPOSITORIOS\GTN_CENARIOS\SIT-Conecta\output\final_sucesso_20260331_161633.png
[2026-03-31 16:16:49] 📝 HTML salvo em: C:\REPOSITORIOS\GTN_CENARIOS\SIT-Conecta\output\final_sucesso_20260331_161633.html
[2026-03-31 16:16:49] 📌 Adicionando arquivo ao git: dashboard_data\Cenarios_Consolidados_atualizado.csv
[2026-03-31 16:16:50] 📝 Criando commit: Atualiza dashboard GTN em 2026-03-31 16:16:50
[2026-03-31 16:16:50] 🚀 Enviando para o GitHub...
[2026-03-31 16:16:54] ✅ Commit e push realizados com sucesso.
[2026-03-31 16:16:54] 🎯 Processo concluído com sucesso.
[2026-03-31 16:16:54] 📥 Arquivo bruto: C:\REPOSITORIOS\GTN_CENARIOS\SIT-Conecta\downloads\20260331_161633_Cenários.csv
[2026-03-31 16:16:54] 📊 Arquivo dashboard: C:\REPOSITORIOS\GTN_CENARIOS\SIT-Conecta\dashboard_data\Cenarios_Consolidados_atualizado.csv
[2026-03-31 16:16:55] ✅ Execução encerrada com sucesso.
[2026-03-31 16:16:55] ⏳ Aguardando 103 segundos para a próxima execução...

[2026-03-31 16:18:39] ==================================================
[2026-03-31 16:18:39] 🚀 Iniciando nova execução
[2026-03-31 16:18:39] ==================================================
[2026-03-31 16:18:41] 🌐 Abrindo login...
[2026-03-31 16:18:45] 🔐 Preenchendo credenciais...
[2026-03-31 16:18:45] ➡️ Clicando em Acessar...
[2026-03-31 16:18:53] ✅ Login concluído. URL atual: https://gtn.ninecon.com.br/ords/r/gtn/gtn/home?session=115455711771319
[2026-03-31 16:18:53] 📂 Abrindo grupo do programa...
[2026-03-31 16:18:57] 🧭 Abrindo navegação principal...
[2026-03-31 16:18:57] 🌲 Expandindo menu...
[2026-03-31 16:18:57] 🧪 Entrando em Execução de Testes...
[2026-03-31 16:19:22] ✅ Tela de execução aberta: https://gtn.ninecon.com.br/ords/r/gtn/gtn/execu%C3%A7%C3%A3o-dos-testes?request=.&clear=NO&session=115455711771319&cs=3lyso0K9qk-2s2M9zAyohdTqWUx2uHfP0MgS-tTuOUz2oQXhOQIfP9fTONTLCFP0r-AxSf-7R-EQySuYT4GplbQ
[2026-03-31 16:19:22] ⚙️ Abrindo opções do relatório...
[2026-03-31 16:19:28] 📤 Abrindo menu Ações...
[2026-03-31 16:19:31] ⬇️ Baixando CSV...
[2026-03-31 16:19:39] ✅ CSV salvo em: C:\REPOSITORIOS\GTN_CENARIOS\SIT-Conecta\downloads\20260331_161939_Cenários.csv
[2026-03-31 16:19:39] 🧹 Tratando arquivo para dashboard...
[2026-03-31 16:19:39] ✅ Leitura realizada com sep=';' e encoding='latin1'
[2026-03-31 16:19:39] ✅ Arquivo final gerado: C:\REPOSITORIOS\GTN_CENARIOS\SIT-Conecta\dashboard_data\Cenarios_Consolidados_atualizado.csv
[2026-03-31 16:19:39] 🕒 Coluna 'Gerado em' preenchida com: 2026-03-31 16:19
[2026-03-31 16:20:08] 📸 Screenshot salvo em: C:\REPOSITORIOS\GTN_CENARIOS\SIT-Conecta\output\final_sucesso_20260331_161939.png
[2026-03-31 16:20:08] 📝 HTML salvo em: C:\REPOSITORIOS\GTN_CENARIOS\SIT-Conecta\output\final_sucesso_20260331_161939.html
[2026-03-31 16:20:08] 📌 Adicionando arquivo ao git: dashboard_data\Cenarios_Consolidados_atualizado.csv
[2026-03-31 16:20:08] 📝 Criando commit: Atualiza dashboard GTN em 2026-03-31 16:20:08
[2026-03-31 16:20:09] 🚀 Enviando para o GitHub...
[2026-03-31 16:20:14] ✅ Commit e push realizados com sucesso.
[2026-03-31 16:20:14] 🎯 Processo concluído com sucesso.
[2026-03-31 16:20:14] 📥 Arquivo bruto: C:\REPOSITORIOS\GTN_CENARIOS\SIT-Conecta\downloads\20260331_161939_Cenários.csv
[2026-03-31 16:20:14] 📊 Arquivo dashboard: C:\REPOSITORIOS\GTN_CENARIOS\SIT-Conecta\dashboard_data\Cenarios_Consolidados_atualizado.csv
[2026-03-31 16:20:15] ✅ Execução encerrada com sucesso.
[2026-03-31 16:20:15] ⏳ Aguardando 84 segundos para a próxima execução...

[2026-03-31 16:21:39] ==================================================
[2026-03-31 16:21:39] 🚀 Iniciando nova execução
[2026-03-31 16:21:39] ==================================================
[2026-03-31 16:21:41] 🌐 Abrindo login...
[2026-03-31 16:21:44] 🔐 Preenchendo credenciais...
[2026-03-31 16:21:45] ➡️ Clicando em Acessar...
[2026-03-31 16:21:52] ✅ Login concluído. URL atual: https://gtn.ninecon.com.br/ords/r/gtn/gtn/home?session=106483455101671
[2026-03-31 16:21:52] 📂 Abrindo grupo do programa...
[2026-03-31 16:21:55] 🧭 Abrindo navegação principal...
[2026-03-31 16:21:55] 🌲 Expandindo menu...
[2026-03-31 16:21:56] 🧪 Entrando em Execução de Testes...
[2026-03-31 16:22:15] ✅ Tela de execução aberta: https://gtn.ninecon.com.br/ords/r/gtn/gtn/execu%C3%A7%C3%A3o-dos-testes?request=.&clear=NO&session=106483455101671&cs=33NhWCehAaXkAHnkOxK8nXpSKZg6j1PuKCco73AFZ5RC5AWN672sEuyU62y5HEpohs9OF62FVbugp6L36AT1wVg
[2026-03-31 16:22:15] ⚙️ Abrindo opções do relatório...
[2026-03-31 16:22:19] 📤 Abrindo menu Ações...
[2026-03-31 16:22:21] ⬇️ Baixando CSV...
[2026-03-31 16:22:26] ✅ CSV salvo em: C:\REPOSITORIOS\GTN_CENARIOS\SIT-Conecta\downloads\20260331_162226_Cenários.csv
[2026-03-31 16:22:26] 🧹 Tratando arquivo para dashboard...
[2026-03-31 16:22:26] ✅ Leitura realizada com sep=';' e encoding='latin1'
[2026-03-31 16:22:26] ✅ Arquivo final gerado: C:\REPOSITORIOS\GTN_CENARIOS\SIT-Conecta\dashboard_data\Cenarios_Consolidados_atualizado.csv
[2026-03-31 16:22:26] 🕒 Coluna 'Gerado em' preenchida com: 2026-03-31 16:22
[2026-03-31 16:22:39] 📸 Screenshot salvo em: C:\REPOSITORIOS\GTN_CENARIOS\SIT-Conecta\output\final_sucesso_20260331_162226.png
[2026-03-31 16:22:39] 📝 HTML salvo em: C:\REPOSITORIOS\GTN_CENARIOS\SIT-Conecta\output\final_sucesso_20260331_162226.html
[2026-03-31 16:22:39] 📌 Adicionando arquivo ao git: dashboard_data\Cenarios_Consolidados_atualizado.csv
[2026-03-31 16:22:39] 📝 Criando commit: Atualiza dashboard GTN em 2026-03-31 16:22:39
[2026-03-31 16:22:40] 🚀 Enviando para o GitHub...
[2026-03-31 16:22:44] ✅ Commit e push realizados com sucesso.
[2026-03-31 16:22:44] 🎯 Processo concluído com sucesso.
[2026-03-31 16:22:44] 📥 Arquivo bruto: C:\REPOSITORIOS\GTN_CENARIOS\SIT-Conecta\downloads\20260331_162226_Cenários.csv
[2026-03-31 16:22:44] 📊 Arquivo dashboard: C:\REPOSITORIOS\GTN_CENARIOS\SIT-Conecta\dashboard_data\Cenarios_Consolidados_atualizado.csv
[2026-03-31 16:22:45] ✅ Execução encerrada com sucesso.
[2026-03-31 16:22:45] ⏳ Aguardando 114 segundos para a próxima execução...

[2026-03-31 16:24:39] ==================================================
[2026-03-31 16:24:39] 🚀 Iniciando nova execução
[2026-03-31 16:24:39] ==================================================
[2026-03-31 16:24:41] 🌐 Abrindo login...
[2026-03-31 16:24:45] 🔐 Preenchendo credenciais...
[2026-03-31 16:24:45] ➡️ Clicando em Acessar...
[2026-03-31 16:24:53] ✅ Login concluído. URL atual: https://gtn.ninecon.com.br/ords/r/gtn/gtn/home?session=102512620045173
[2026-03-31 16:24:53] 📂 Abrindo grupo do programa...
[2026-03-31 16:24:59] 🧭 Abrindo navegação principal...
[2026-03-31 16:24:59] 🌲 Expandindo menu...
[2026-03-31 16:24:59] 🧪 Entrando em Execução de Testes...
[2026-03-31 16:25:20] ✅ Tela de execução aberta: https://gtn.ninecon.com.br/ords/r/gtn/gtn/execu%C3%A7%C3%A3o-dos-testes?request=.&clear=NO&session=102512620045173&cs=3NK9QQk0cV8fVjGYcQWJNO2pEO1Dbhl_Ka6KDywaT5PU_xgh9dGHd-LgiXlMykkJw2vqgnthcXvWW-wpk7aCiaA
[2026-03-31 16:25:20] ⚙️ Abrindo opções do relatório...
[2026-03-31 16:25:26] 📤 Abrindo menu Ações...
[2026-03-31 16:25:28] ⬇️ Baixando CSV...
[2026-03-31 16:25:33] ✅ CSV salvo em: C:\REPOSITORIOS\GTN_CENARIOS\SIT-Conecta\downloads\20260331_162533_Cenários.csv
[2026-03-31 16:25:33] 🧹 Tratando arquivo para dashboard...
[2026-03-31 16:25:33] ✅ Leitura realizada com sep=';' e encoding='latin1'
[2026-03-31 16:25:33] ✅ Arquivo final gerado: C:\REPOSITORIOS\GTN_CENARIOS\SIT-Conecta\dashboard_data\Cenarios_Consolidados_atualizado.csv
[2026-03-31 16:25:33] 🕒 Coluna 'Gerado em' preenchida com: 2026-03-31 16:25
[2026-03-31 16:26:00] 📸 Screenshot salvo em: C:\REPOSITORIOS\GTN_CENARIOS\SIT-Conecta\output\final_sucesso_20260331_162533.png
[2026-03-31 16:26:00] 📝 HTML salvo em: C:\REPOSITORIOS\GTN_CENARIOS\SIT-Conecta\output\final_sucesso_20260331_162533.html
[2026-03-31 16:26:00] 📌 Adicionando arquivo ao git: dashboard_data\Cenarios_Consolidados_atualizado.csv
[2026-03-31 16:26:00] 📝 Criando commit: Atualiza dashboard GTN em 2026-03-31 16:26:00
[2026-03-31 16:26:00] 🚀 Enviando para o GitHub...
[2026-03-31 16:26:04] ✅ Commit e push realizados com sucesso.
[2026-03-31 16:26:04] 🎯 Processo concluído com sucesso.
[2026-03-31 16:26:04] 📥 Arquivo bruto: C:\REPOSITORIOS\GTN_CENARIOS\SIT-Conecta\downloads\20260331_162533_Cenários.csv
[2026-03-31 16:26:04] 📊 Arquivo dashboard: C:\REPOSITORIOS\GTN_CENARIOS\SIT-Conecta\dashboard_data\Cenarios_Consolidados_atualizado.csv
[2026-03-31 16:26:05] ✅ Execução encerrada com sucesso.
[2026-03-31 16:26:05] ⏳ Aguardando 93 segundos para a próxima execução...

[2026-03-31 16:27:39] ==================================================
[2026-03-31 16:27:39] 🚀 Iniciando nova execução
[2026-03-31 16:27:39] ==================================================
[2026-03-31 16:27:41] 🌐 Abrindo login...
[2026-03-31 16:27:54] 🔐 Preenchendo credenciais...
[2026-03-31 16:27:54] ➡️ Clicando em Acessar...
[2026-03-31 16:28:02] ✅ Login concluído. URL atual: https://gtn.ninecon.com.br/ords/r/gtn/gtn/home?session=102370045963574
[2026-03-31 16:28:02] 📂 Abrindo grupo do programa...
[2026-03-31 16:28:04] 🧭 Abrindo navegação principal...
[2026-03-31 16:28:05] 🌲 Expandindo menu...
[2026-03-31 16:28:05] 🧪 Entrando em Execução de Testes...
[2026-03-31 16:28:26] ✅ Tela de execução aberta: https://gtn.ninecon.com.br/ords/r/gtn/gtn/execu%C3%A7%C3%A3o-dos-testes?request=.&clear=NO&session=102370045963574&cs=3MCQJKyjKOFW9y8OSIPhRGdkVmW7j7KSMjJ9J7hY0AWXYk7WvrZBGOJvoQgVaGQUCsC735RGXoZo_g4jmKIqx7A
[2026-03-31 16:28:26] ⚙️ Abrindo opções do relatório...
[2026-03-31 16:28:32] 📤 Abrindo menu Ações...
[2026-03-31 16:28:34] ⬇️ Baixando CSV...
[2026-03-31 16:28:40] ✅ CSV salvo em: C:\REPOSITORIOS\GTN_CENARIOS\SIT-Conecta\downloads\20260331_162840_Cenários.csv
[2026-03-31 16:28:40] 🧹 Tratando arquivo para dashboard...
[2026-03-31 16:28:40] ✅ Leitura realizada com sep=';' e encoding='latin1'
[2026-03-31 16:28:40] ✅ Arquivo final gerado: C:\REPOSITORIOS\GTN_CENARIOS\SIT-Conecta\dashboard_data\Cenarios_Consolidados_atualizado.csv
[2026-03-31 16:28:40] 🕒 Coluna 'Gerado em' preenchida com: 2026-03-31 16:28
[2026-03-31 16:29:12] ⚠️ Não consegui salvar debug: Page.screenshot: Timeout 30000ms exceeded.
Call log:
  - taking page screenshot
  - waiting for fonts to load...
  - fonts loaded

[2026-03-31 16:29:12] 📌 Adicionando arquivo ao git: dashboard_data\Cenarios_Consolidados_atualizado.csv
[2026-03-31 16:29:13] 📝 Criando commit: Atualiza dashboard GTN em 2026-03-31 16:29:13
[2026-03-31 16:29:13] 🚀 Enviando para o GitHub...
[2026-03-31 16:29:17] ✅ Commit e push realizados com sucesso.
[2026-03-31 16:29:17] 🎯 Processo concluído com sucesso.
[2026-03-31 16:29:17] 📥 Arquivo bruto: C:\REPOSITORIOS\GTN_CENARIOS\SIT-Conecta\downloads\20260331_162840_Cenários.csv
[2026-03-31 16:29:17] 📊 Arquivo dashboard: C:\REPOSITORIOS\GTN_CENARIOS\SIT-Conecta\dashboard_data\Cenarios_Consolidados_atualizado.csv
[2026-03-31 16:29:18] ✅ Execução encerrada com sucesso.
[2026-03-31 16:29:18] ⏳ Aguardando 80 segundos para a próxima execução...

[2026-03-31 16:30:39] ==================================================
[2026-03-31 16:30:39] 🚀 Iniciando nova execução
[2026-03-31 16:30:39] ==================================================
[2026-03-31 16:30:41] 🌐 Abrindo login...
[2026-03-31 16:30:45] 🔐 Preenchendo credenciais...
[2026-03-31 16:30:45] ➡️ Clicando em Acessar...
[2026-03-31 16:30:50] ✅ Login concluído. URL atual: https://gtn.ninecon.com.br/ords/r/gtn/gtn/home?session=106221363723819
[2026-03-31 16:30:50] 📂 Abrindo grupo do programa...
[2026-03-31 16:30:54] 🧭 Abrindo navegação principal...
[2026-03-31 16:30:54] 🌲 Expandindo menu...
[2026-03-31 16:30:54] 🧪 Entrando em Execução de Testes...
[2026-03-31 16:31:12] ✅ Tela de execução aberta: https://gtn.ninecon.com.br/ords/r/gtn/gtn/execu%C3%A7%C3%A3o-dos-testes?request=.&clear=NO&session=106221363723819&cs=3D5x76e27qijz6hpRLCmeYw_rWYV6GTa3OKqTD_G2Fd0RSnDEyEa65EJV8QKcmleGvLGZGdRISrs5EMkT6JSZXg
[2026-03-31 16:31:12] ⚙️ Abrindo opções do relatório...
[2026-03-31 16:31:14] 📤 Abrindo menu Ações...
[2026-03-31 16:31:16] ⬇️ Baixando CSV...
[2026-03-31 16:31:21] ✅ CSV salvo em: C:\REPOSITORIOS\GTN_CENARIOS\SIT-Conecta\downloads\20260331_163121_Cenários.csv
[2026-03-31 16:31:21] 🧹 Tratando arquivo para dashboard...
[2026-03-31 16:31:21] ✅ Leitura realizada com sep=';' e encoding='latin1'
[2026-03-31 16:31:21] ✅ Arquivo final gerado: C:\REPOSITORIOS\GTN_CENARIOS\SIT-Conecta\dashboard_data\Cenarios_Consolidados_atualizado.csv
[2026-03-31 16:31:21] 🕒 Coluna 'Gerado em' preenchida com: 2026-03-31 16:31
[2026-03-31 16:31:34] 📸 Screenshot salvo em: C:\REPOSITORIOS\GTN_CENARIOS\SIT-Conecta\output\final_sucesso_20260331_163121.png
[2026-03-31 16:31:34] 📝 HTML salvo em: C:\REPOSITORIOS\GTN_CENARIOS\SIT-Conecta\output\final_sucesso_20260331_163121.html
[2026-03-31 16:31:34] 📌 Adicionando arquivo ao git: dashboard_data\Cenarios_Consolidados_atualizado.csv
[2026-03-31 16:31:34] 📝 Criando commit: Atualiza dashboard GTN em 2026-03-31 16:31:34
[2026-03-31 16:31:35] 🚀 Enviando para o GitHub...
[2026-03-31 16:31:40] ✅ Commit e push realizados com sucesso.
[2026-03-31 16:31:40] 🎯 Processo concluído com sucesso.
[2026-03-31 16:31:40] 📥 Arquivo bruto: C:\REPOSITORIOS\GTN_CENARIOS\SIT-Conecta\downloads\20260331_163121_Cenários.csv
[2026-03-31 16:31:40] 📊 Arquivo dashboard: C:\REPOSITORIOS\GTN_CENARIOS\SIT-Conecta\dashboard_data\Cenarios_Consolidados_atualizado.csv
[2026-03-31 16:31:40] ✅ Execução encerrada com sucesso.
[2026-03-31 16:31:40] ⏳ Aguardando 118 segundos para a próxima execução...

[2026-03-31 16:33:39] ==================================================
[2026-03-31 16:33:39] 🚀 Iniciando nova execução
[2026-03-31 16:33:39] ==================================================
[2026-03-31 16:33:41] 🌐 Abrindo login...
[2026-03-31 16:33:45] 🔐 Preenchendo credenciais...
[2026-03-31 16:33:45] ➡️ Clicando em Acessar...
[2026-03-31 16:33:55] ✅ Login concluído. URL atual: https://gtn.ninecon.com.br/ords/r/gtn/gtn/home?session=104207926501900
[2026-03-31 16:33:55] 📂 Abrindo grupo do programa...
[2026-03-31 16:33:59] 🧭 Abrindo navegação principal...
[2026-03-31 16:33:59] 🌲 Expandindo menu...
[2026-03-31 16:33:59] 🧪 Entrando em Execução de Testes...
[2026-03-31 16:34:21] ✅ Tela de execução aberta: https://gtn.ninecon.com.br/ords/r/gtn/gtn/execu%C3%A7%C3%A3o-dos-testes?request=.&clear=NO&session=104207926501900&cs=3cWcdz-DKsWmxASZTM3eIE65Fzv1xS7UeRgQ99FFQZzF6ff48kmJ0ISYcPLlheOH5zuCo-L-3-xhXnXKboJ-wDA
[2026-03-31 16:34:21] ⚙️ Abrindo opções do relatório...
[2026-03-31 16:34:25] 📤 Abrindo menu Ações...
[2026-03-31 16:34:26] ⬇️ Baixando CSV...
[2026-03-31 16:34:31] ✅ CSV salvo em: C:\REPOSITORIOS\GTN_CENARIOS\SIT-Conecta\downloads\20260331_163431_Cenários.csv
[2026-03-31 16:34:31] 🧹 Tratando arquivo para dashboard...
[2026-03-31 16:34:31] ✅ Leitura realizada com sep=';' e encoding='latin1'
[2026-03-31 16:34:32] ✅ Arquivo final gerado: C:\REPOSITORIOS\GTN_CENARIOS\SIT-Conecta\dashboard_data\Cenarios_Consolidados_atualizado.csv
[2026-03-31 16:34:32] 🕒 Coluna 'Gerado em' preenchida com: 2026-03-31 16:34
[2026-03-31 16:34:46] 📸 Screenshot salvo em: C:\REPOSITORIOS\GTN_CENARIOS\SIT-Conecta\output\final_sucesso_20260331_163432.png
[2026-03-31 16:34:46] 📝 HTML salvo em: C:\REPOSITORIOS\GTN_CENARIOS\SIT-Conecta\output\final_sucesso_20260331_163432.html
[2026-03-31 16:34:46] 📌 Adicionando arquivo ao git: dashboard_data\Cenarios_Consolidados_atualizado.csv
[2026-03-31 16:34:46] 📝 Criando commit: Atualiza dashboard GTN em 2026-03-31 16:34:46
[2026-03-31 16:34:47] 🚀 Enviando para o GitHub...
[2026-03-31 16:34:51] ✅ Commit e push realizados com sucesso.
[2026-03-31 16:34:51] 🎯 Processo concluído com sucesso.
[2026-03-31 16:34:51] 📥 Arquivo bruto: C:\REPOSITORIOS\GTN_CENARIOS\SIT-Conecta\downloads\20260331_163431_Cenários.csv
[2026-03-31 16:34:51] 📊 Arquivo dashboard: C:\REPOSITORIOS\GTN_CENARIOS\SIT-Conecta\dashboard_data\Cenarios_Consolidados_atualizado.csv
[2026-03-31 16:34:52] ✅ Execução encerrada com sucesso.
[2026-03-31 16:34:52] ⏳ Aguardando 107 segundos para a próxima execução...

[2026-03-31 16:36:39] ==================================================
[2026-03-31 16:36:39] 🚀 Iniciando nova execução
[2026-03-31 16:36:39] ==================================================
[2026-03-31 16:36:41] 🌐 Abrindo login...
[2026-03-31 16:36:45] 🔐 Preenchendo credenciais...
[2026-03-31 16:36:45] ➡️ Clicando em Acessar...
[2026-03-31 16:36:53] ✅ Login concluído. URL atual: https://gtn.ninecon.com.br/ords/r/gtn/gtn/home?session=116338169164572
[2026-03-31 16:36:53] 📂 Abrindo grupo do programa...
[2026-03-31 16:36:57] 🧭 Abrindo navegação principal...
[2026-03-31 16:36:57] 🌲 Expandindo menu...
[2026-03-31 16:36:57] 🧪 Entrando em Execução de Testes...
[2026-03-31 16:37:23] ✅ Tela de execução aberta: https://gtn.ninecon.com.br/ords/r/gtn/gtn/execu%C3%A7%C3%A3o-dos-testes?request=.&clear=NO&session=116338169164572&cs=3EmgL3rk2F--2W3OOpDJN1GcFk658518eFYP5E8vRZtyJ78zU6MyajEpK4-PHSY1p74Fp6nRyGrEgnA8Hz6QmPQ
[2026-03-31 16:37:23] ⚙️ Abrindo opções do relatório...
[2026-03-31 16:37:26] 📤 Abrindo menu Ações...
[2026-03-31 16:37:28] ⬇️ Baixando CSV...
[2026-03-31 16:37:34] ✅ CSV salvo em: C:\REPOSITORIOS\GTN_CENARIOS\SIT-Conecta\downloads\20260331_163734_Cenários.csv
[2026-03-31 16:37:34] 🧹 Tratando arquivo para dashboard...
[2026-03-31 16:37:34] ✅ Leitura realizada com sep=';' e encoding='latin1'
[2026-03-31 16:37:34] ✅ Arquivo final gerado: C:\REPOSITORIOS\GTN_CENARIOS\SIT-Conecta\dashboard_data\Cenarios_Consolidados_atualizado.csv
[2026-03-31 16:37:34] 🕒 Coluna 'Gerado em' preenchida com: 2026-03-31 16:37
[2026-03-31 16:37:49] 📸 Screenshot salvo em: C:\REPOSITORIOS\GTN_CENARIOS\SIT-Conecta\output\final_sucesso_20260331_163734.png
[2026-03-31 16:37:49] 📝 HTML salvo em: C:\REPOSITORIOS\GTN_CENARIOS\SIT-Conecta\output\final_sucesso_20260331_163734.html
[2026-03-31 16:37:49] 📌 Adicionando arquivo ao git: dashboard_data\Cenarios_Consolidados_atualizado.csv
[2026-03-31 16:37:49] 📝 Criando commit: Atualiza dashboard GTN em 2026-03-31 16:37:49
[2026-03-31 16:37:49] 🚀 Enviando para o GitHub...
[2026-03-31 16:37:54] ✅ Commit e push realizados com sucesso.
[2026-03-31 16:37:54] 🎯 Processo concluído com sucesso.
[2026-03-31 16:37:54] 📥 Arquivo bruto: C:\REPOSITORIOS\GTN_CENARIOS\SIT-Conecta\downloads\20260331_163734_Cenários.csv
[2026-03-31 16:37:54] 📊 Arquivo dashboard: C:\REPOSITORIOS\GTN_CENARIOS\SIT-Conecta\dashboard_data\Cenarios_Consolidados_atualizado.csv
[2026-03-31 16:37:55] ✅ Execução encerrada com sucesso.
[2026-03-31 16:37:55] ⏳ Aguardando 104 segundos para a próxima execução...

[2026-03-31 16:39:39] ==================================================
[2026-03-31 16:39:39] 🚀 Iniciando nova execução
[2026-03-31 16:39:39] ==================================================
[2026-03-31 16:39:41] 🌐 Abrindo login...
[2026-03-31 16:39:45] 🔐 Preenchendo credenciais...
[2026-03-31 16:39:45] ➡️ Clicando em Acessar...
[2026-03-31 16:39:54] ✅ Login concluído. URL atual: https://gtn.ninecon.com.br/ords/r/gtn/gtn/home?session=100765214426033
[2026-03-31 16:39:54] 📂 Abrindo grupo do programa...
[2026-03-31 16:39:58] 🧭 Abrindo navegação principal...
[2026-03-31 16:39:58] 🌲 Expandindo menu...
[2026-03-31 16:39:58] 🧪 Entrando em Execução de Testes...
[2026-03-31 16:40:31] ✅ Tela de execução aberta: https://gtn.ninecon.com.br/ords/r/gtn/gtn/execu%C3%A7%C3%A3o-dos-testes?request=.&clear=NO&session=100765214426033&cs=3gZoNmVQcV7niQTs9lzidRxZuOlC49UbEwD_To6YJ4_DRHw6NwPy22LY3xJ6kC74_uheGhyZ1M7dhNEWJWrLCrQ
[2026-03-31 16:40:31] ⚙️ Abrindo opções do relatório...
[2026-03-31 16:40:33] 📤 Abrindo menu Ações...
[2026-03-31 16:40:34] ⬇️ Baixando CSV...
[2026-03-31 16:40:38] ✅ CSV salvo em: C:\REPOSITORIOS\GTN_CENARIOS\SIT-Conecta\downloads\20260331_164038_Cenários.csv
[2026-03-31 16:40:38] 🧹 Tratando arquivo para dashboard...
[2026-03-31 16:40:38] ✅ Leitura realizada com sep=';' e encoding='latin1'
[2026-03-31 16:40:38] ✅ Arquivo final gerado: C:\REPOSITORIOS\GTN_CENARIOS\SIT-Conecta\dashboard_data\Cenarios_Consolidados_atualizado.csv
[2026-03-31 16:40:38] 🕒 Coluna 'Gerado em' preenchida com: 2026-03-31 16:40
[2026-03-31 16:40:48] 📸 Screenshot salvo em: C:\REPOSITORIOS\GTN_CENARIOS\SIT-Conecta\output\final_sucesso_20260331_164038.png
[2026-03-31 16:40:48] 📝 HTML salvo em: C:\REPOSITORIOS\GTN_CENARIOS\SIT-Conecta\output\final_sucesso_20260331_164038.html
[2026-03-31 16:40:48] 📌 Adicionando arquivo ao git: dashboard_data\Cenarios_Consolidados_atualizado.csv
[2026-03-31 16:40:48] 📝 Criando commit: Atualiza dashboard GTN em 2026-03-31 16:40:48
[2026-03-31 16:40:48] 🚀 Enviando para o GitHub...
[2026-03-31 16:40:52] ✅ Commit e push realizados com sucesso.
[2026-03-31 16:40:52] 🎯 Processo concluído com sucesso.
[2026-03-31 16:40:52] 📥 Arquivo bruto: C:\REPOSITORIOS\GTN_CENARIOS\SIT-Conecta\downloads\20260331_164038_Cenários.csv
[2026-03-31 16:40:52] 📊 Arquivo dashboard: C:\REPOSITORIOS\GTN_CENARIOS\SIT-Conecta\dashboard_data\Cenarios_Consolidados_atualizado.csv
[2026-03-31 16:40:53] ✅ Execução encerrada com sucesso.
[2026-03-31 16:40:53] ⏳ Aguardando 106 segundos para a próxima execução...

[2026-03-31 16:42:39] ==================================================
[2026-03-31 16:42:39] 🚀 Iniciando nova execução
[2026-03-31 16:42:39] ==================================================
[2026-03-31 16:42:41] 🌐 Abrindo login...
[2026-03-31 16:42:44] 🔐 Preenchendo credenciais...
[2026-03-31 16:42:44] ➡️ Clicando em Acessar...
[2026-03-31 16:42:54] ✅ Login concluído. URL atual: https://gtn.ninecon.com.br/ords/r/gtn/gtn/home?session=103520040642967
[2026-03-31 16:42:54] 📂 Abrindo grupo do programa...
[2026-03-31 16:42:57] 🧭 Abrindo navegação principal...
[2026-03-31 16:42:58] 🌲 Expandindo menu...
[2026-03-31 16:42:58] 🧪 Entrando em Execução de Testes...
[2026-03-31 16:43:20] ✅ Tela de execução aberta: https://gtn.ninecon.com.br/ords/r/gtn/gtn/execu%C3%A7%C3%A3o-dos-testes?request=.&clear=NO&session=103520040642967&cs=3hdorAZfhPZfv9qEyORIuQINpLApsK2OgFQfvqCvPGSNPDqVNElFdt5MR6e-QT9Ff0gFVBBeRvEoAaLdLickZuA
[2026-03-31 16:43:20] ⚙️ Abrindo opções do relatório...
[2026-03-31 16:43:23] 📤 Abrindo menu Ações...
[2026-03-31 16:43:25] ⬇️ Baixando CSV...
[2026-03-31 16:43:32] ✅ CSV salvo em: C:\REPOSITORIOS\GTN_CENARIOS\SIT-Conecta\downloads\20260331_164332_Cenários.csv
[2026-03-31 16:43:32] 🧹 Tratando arquivo para dashboard...
[2026-03-31 16:43:32] ✅ Leitura realizada com sep=';' e encoding='latin1'
[2026-03-31 16:43:32] ✅ Arquivo final gerado: C:\REPOSITORIOS\GTN_CENARIOS\SIT-Conecta\dashboard_data\Cenarios_Consolidados_atualizado.csv
[2026-03-31 16:43:32] 🕒 Coluna 'Gerado em' preenchida com: 2026-03-31 16:43
[2026-03-31 16:43:46] 📸 Screenshot salvo em: C:\REPOSITORIOS\GTN_CENARIOS\SIT-Conecta\output\final_sucesso_20260331_164332.png
[2026-03-31 16:43:46] 📝 HTML salvo em: C:\REPOSITORIOS\GTN_CENARIOS\SIT-Conecta\output\final_sucesso_20260331_164332.html
[2026-03-31 16:43:46] 📌 Adicionando arquivo ao git: dashboard_data\Cenarios_Consolidados_atualizado.csv
[2026-03-31 16:43:46] 📝 Criando commit: Atualiza dashboard GTN em 2026-03-31 16:43:46
[2026-03-31 16:43:46] 🚀 Enviando para o GitHub...
[2026-03-31 16:43:50] ✅ Commit e push realizados com sucesso.
[2026-03-31 16:43:50] 🎯 Processo concluído com sucesso.
[2026-03-31 16:43:50] 📥 Arquivo bruto: C:\REPOSITORIOS\GTN_CENARIOS\SIT-Conecta\downloads\20260331_164332_Cenários.csv
[2026-03-31 16:43:50] 📊 Arquivo dashboard: C:\REPOSITORIOS\GTN_CENARIOS\SIT-Conecta\dashboard_data\Cenarios_Consolidados_atualizado.csv
[2026-03-31 16:43:51] ✅ Execução encerrada com sucesso.
[2026-03-31 16:43:51] ⏳ Aguardando 108 segundos para a próxima execução...

[2026-03-31 16:45:39] ==================================================
[2026-03-31 16:45:39] 🚀 Iniciando nova execução
[2026-03-31 16:45:39] ==================================================
[2026-03-31 16:45:41] 🌐 Abrindo login...
[2026-03-31 16:45:44] 🔐 Preenchendo credenciais...
[2026-03-31 16:45:44] ➡️ Clicando em Acessar...
[2026-03-31 16:45:51] ✅ Login concluído. URL atual: https://gtn.ninecon.com.br/ords/r/gtn/gtn/home?session=100179918220930
[2026-03-31 16:45:51] 📂 Abrindo grupo do programa...
[2026-03-31 16:45:54] 🧭 Abrindo navegação principal...
[2026-03-31 16:45:54] 🌲 Expandindo menu...
[2026-03-31 16:45:54] 🧪 Entrando em Execução de Testes...
[2026-03-31 16:46:11] ✅ Tela de execução aberta: https://gtn.ninecon.com.br/ords/r/gtn/gtn/execu%C3%A7%C3%A3o-dos-testes?request=.&clear=NO&session=100179918220930&cs=34zTIV2cELHP8OO1uHe3hIP5k4ZHwhCgpg8P7WHZjFvq6wGeOCAtU-plPjVUNxLaQYB57x5Y86MI42DWHNJLpBQ
[2026-03-31 16:46:11] ⚙️ Abrindo opções do relatório...
[2026-03-31 16:46:14] 📤 Abrindo menu Ações...
[2026-03-31 16:46:15] ⬇️ Baixando CSV...
[2026-03-31 16:46:20] ✅ CSV salvo em: C:\REPOSITORIOS\GTN_CENARIOS\SIT-Conecta\downloads\20260331_164620_Cenários.csv
[2026-03-31 16:46:20] 🧹 Tratando arquivo para dashboard...
[2026-03-31 16:46:20] ✅ Leitura realizada com sep=';' e encoding='latin1'
[2026-03-31 16:46:20] ✅ Arquivo final gerado: C:\REPOSITORIOS\GTN_CENARIOS\SIT-Conecta\dashboard_data\Cenarios_Consolidados_atualizado.csv
[2026-03-31 16:46:20] 🕒 Coluna 'Gerado em' preenchida com: 2026-03-31 16:46
[2026-03-31 16:46:34] 📸 Screenshot salvo em: C:\REPOSITORIOS\GTN_CENARIOS\SIT-Conecta\output\final_sucesso_20260331_164620.png
[2026-03-31 16:46:34] 📝 HTML salvo em: C:\REPOSITORIOS\GTN_CENARIOS\SIT-Conecta\output\final_sucesso_20260331_164620.html
[2026-03-31 16:46:34] 📌 Adicionando arquivo ao git: dashboard_data\Cenarios_Consolidados_atualizado.csv
[2026-03-31 16:46:35] 📝 Criando commit: Atualiza dashboard GTN em 2026-03-31 16:46:35
[2026-03-31 16:46:35] 🚀 Enviando para o GitHub...
[2026-03-31 16:46:39] ✅ Commit e push realizados com sucesso.
[2026-03-31 16:46:39] 🎯 Processo concluído com sucesso.
[2026-03-31 16:46:39] 📥 Arquivo bruto: C:\REPOSITORIOS\GTN_CENARIOS\SIT-Conecta\downloads\20260331_164620_Cenários.csv
[2026-03-31 16:46:39] 📊 Arquivo dashboard: C:\REPOSITORIOS\GTN_CENARIOS\SIT-Conecta\dashboard_data\Cenarios_Consolidados_atualizado.csv
[2026-03-31 16:46:40] ✅ Execução encerrada com sucesso.
[2026-03-31 16:46:40] ⏳ Aguardando 119 segundos para a próxima execução...

[2026-03-31 16:48:39] ==================================================
[2026-03-31 16:48:39] 🚀 Iniciando nova execução
[2026-03-31 16:48:39] ==================================================
[2026-03-31 16:48:41] 🌐 Abrindo login...
[2026-03-31 16:48:44] 🔐 Preenchendo credenciais...
[2026-03-31 16:48:44] ➡️ Clicando em Acessar...
[2026-03-31 16:48:51] ✅ Login concluído. URL atual: https://gtn.ninecon.com.br/ords/r/gtn/gtn/home?session=114920925527687
[2026-03-31 16:48:51] 📂 Abrindo grupo do programa...
[2026-03-31 16:48:55] 🧭 Abrindo navegação principal...
[2026-03-31 16:48:55] 🌲 Expandindo menu...
[2026-03-31 16:48:55] 🧪 Entrando em Execução de Testes...
[2026-03-31 16:49:16] ✅ Tela de execução aberta: https://gtn.ninecon.com.br/ords/r/gtn/gtn/execu%C3%A7%C3%A3o-dos-testes?request=.&clear=NO&session=114920925527687&cs=3ZzeHyF59Pgpe2cbNGnK5ST3Ba2KfsCXNk6OcyAx2uWKnis_a-JTTUoYj5iwuYNIBsw-emuGKYqiZfNIBbggQTQ
[2026-03-31 16:49:16] ⚙️ Abrindo opções do relatório...
[2026-03-31 16:49:20] 📤 Abrindo menu Ações...
[2026-03-31 16:49:21] ⬇️ Baixando CSV...
[2026-03-31 16:49:27] ✅ CSV salvo em: C:\REPOSITORIOS\GTN_CENARIOS\SIT-Conecta\downloads\20260331_164927_Cenários.csv
[2026-03-31 16:49:27] 🧹 Tratando arquivo para dashboard...
[2026-03-31 16:49:27] ✅ Leitura realizada com sep=';' e encoding='latin1'
[2026-03-31 16:49:27] ✅ Arquivo final gerado: C:\REPOSITORIOS\GTN_CENARIOS\SIT-Conecta\dashboard_data\Cenarios_Consolidados_atualizado.csv
[2026-03-31 16:49:27] 🕒 Coluna 'Gerado em' preenchida com: 2026-03-31 16:49
[2026-03-31 16:49:41] 📸 Screenshot salvo em: C:\REPOSITORIOS\GTN_CENARIOS\SIT-Conecta\output\final_sucesso_20260331_164927.png
[2026-03-31 16:49:41] 📝 HTML salvo em: C:\REPOSITORIOS\GTN_CENARIOS\SIT-Conecta\output\final_sucesso_20260331_164927.html
[2026-03-31 16:49:41] 📌 Adicionando arquivo ao git: dashboard_data\Cenarios_Consolidados_atualizado.csv
[2026-03-31 16:49:41] 📝 Criando commit: Atualiza dashboard GTN em 2026-03-31 16:49:41
[2026-03-31 16:49:41] 🚀 Enviando para o GitHub...
[2026-03-31 16:49:46] ✅ Commit e push realizados com sucesso.
[2026-03-31 16:49:46] 🎯 Processo concluído com sucesso.
[2026-03-31 16:49:46] 📥 Arquivo bruto: C:\REPOSITORIOS\GTN_CENARIOS\SIT-Conecta\downloads\20260331_164927_Cenários.csv
[2026-03-31 16:49:46] 📊 Arquivo dashboard: C:\REPOSITORIOS\GTN_CENARIOS\SIT-Conecta\dashboard_data\Cenarios_Consolidados_atualizado.csv
[2026-03-31 16:49:46] ✅ Execução encerrada com sucesso.
[2026-03-31 16:49:46] ⏳ Aguardando 112 segundos para a próxima execução...

[2026-03-31 16:51:39] ==================================================
[2026-03-31 16:51:39] 🚀 Iniciando nova execução
[2026-03-31 16:51:39] ==================================================
[2026-03-31 16:51:41] 🌐 Abrindo login...
[2026-03-31 16:51:44] 🔐 Preenchendo credenciais...
[2026-03-31 16:51:44] ➡️ Clicando em Acessar...
[2026-03-31 16:51:52] ✅ Login concluído. URL atual: https://gtn.ninecon.com.br/ords/r/gtn/gtn/home?session=107936484601489
[2026-03-31 16:51:52] 📂 Abrindo grupo do programa...
[2026-03-31 16:51:55] 🧭 Abrindo navegação principal...
[2026-03-31 16:51:56] 🌲 Expandindo menu...
[2026-03-31 16:51:56] 🧪 Entrando em Execução de Testes...
[2026-03-31 16:52:17] ✅ Tela de execução aberta: https://gtn.ninecon.com.br/ords/r/gtn/gtn/execu%C3%A7%C3%A3o-dos-testes?request=.&clear=NO&session=107936484601489&cs=30clyMdsCKaqNAS9wTtyG1ID3fh1y2t1CNJhAkSsRzsquyOqqQJdyIU2tINNe0xo_S4zjkmf7T6wpfHbR6mLLRA
[2026-03-31 16:52:17] ⚙️ Abrindo opções do relatório...
[2026-03-31 16:52:19] 📤 Abrindo menu Ações...
[2026-03-31 16:52:20] ⬇️ Baixando CSV...
[2026-03-31 16:52:25] ✅ CSV salvo em: C:\REPOSITORIOS\GTN_CENARIOS\SIT-Conecta\downloads\20260331_165225_Cenários.csv
[2026-03-31 16:52:25] 🧹 Tratando arquivo para dashboard...
[2026-03-31 16:52:25] ✅ Leitura realizada com sep=';' e encoding='latin1'
[2026-03-31 16:52:25] ✅ Arquivo final gerado: C:\REPOSITORIOS\GTN_CENARIOS\SIT-Conecta\dashboard_data\Cenarios_Consolidados_atualizado.csv
[2026-03-31 16:52:25] 🕒 Coluna 'Gerado em' preenchida com: 2026-03-31 16:52
[2026-03-31 16:52:35] 📸 Screenshot salvo em: C:\REPOSITORIOS\GTN_CENARIOS\SIT-Conecta\output\final_sucesso_20260331_165225.png
[2026-03-31 16:52:35] 📝 HTML salvo em: C:\REPOSITORIOS\GTN_CENARIOS\SIT-Conecta\output\final_sucesso_20260331_165225.html
[2026-03-31 16:52:35] 📌 Adicionando arquivo ao git: dashboard_data\Cenarios_Consolidados_atualizado.csv
[2026-03-31 16:52:35] 📝 Criando commit: Atualiza dashboard GTN em 2026-03-31 16:52:35
[2026-03-31 16:52:35] 🚀 Enviando para o GitHub...
[2026-03-31 16:52:40] ✅ Commit e push realizados com sucesso.
[2026-03-31 16:52:40] 🎯 Processo concluído com sucesso.
[2026-03-31 16:52:40] 📥 Arquivo bruto: C:\REPOSITORIOS\GTN_CENARIOS\SIT-Conecta\downloads\20260331_165225_Cenários.csv
[2026-03-31 16:52:40] 📊 Arquivo dashboard: C:\REPOSITORIOS\GTN_CENARIOS\SIT-Conecta\dashboard_data\Cenarios_Consolidados_atualizado.csv
[2026-03-31 16:52:41] ✅ Execução encerrada com sucesso.
[2026-03-31 16:52:41] ⏳ Aguardando 118 segundos para a próxima execução...

[2026-03-31 16:54:39] ==================================================
[2026-03-31 16:54:39] 🚀 Iniciando nova execução
[2026-03-31 16:54:39] ==================================================
[2026-03-31 16:54:41] 🌐 Abrindo login...
[2026-03-31 16:54:45] 🔐 Preenchendo credenciais...
[2026-03-31 16:54:45] ➡️ Clicando em Acessar...
[2026-03-31 16:54:51] ✅ Login concluído. URL atual: https://gtn.ninecon.com.br/ords/r/gtn/gtn/home?session=116628559162921
[2026-03-31 16:54:51] 📂 Abrindo grupo do programa...
[2026-03-31 16:54:55] 🧭 Abrindo navegação principal...
[2026-03-31 16:54:55] 🌲 Expandindo menu...
[2026-03-31 16:54:55] 🧪 Entrando em Execução de Testes...
[2026-03-31 16:55:25] ✅ Tela de execução aberta: https://gtn.ninecon.com.br/ords/r/gtn/gtn/execu%C3%A7%C3%A3o-dos-testes?request=.&clear=NO&session=116628559162921&cs=3qG7kpqykWH_OVnmFsYdFfGE95i-fcv_P-6W-MmarfDNtSDj-4Y68Ns46x0O_L0wfSMFjdozYgI9HhHALM25PoA
[2026-03-31 16:55:25] ⚙️ Abrindo opções do relatório...
[2026-03-31 16:55:27] 📤 Abrindo menu Ações...
[2026-03-31 16:55:28] ⬇️ Baixando CSV...
[2026-03-31 16:55:33] ✅ CSV salvo em: C:\REPOSITORIOS\GTN_CENARIOS\SIT-Conecta\downloads\20260331_165533_Cenários.csv
[2026-03-31 16:55:33] 🧹 Tratando arquivo para dashboard...
[2026-03-31 16:55:33] ✅ Leitura realizada com sep=';' e encoding='latin1'
[2026-03-31 16:55:33] ✅ Arquivo final gerado: C:\REPOSITORIOS\GTN_CENARIOS\SIT-Conecta\dashboard_data\Cenarios_Consolidados_atualizado.csv
[2026-03-31 16:55:33] 🕒 Coluna 'Gerado em' preenchida com: 2026-03-31 16:55
[2026-03-31 16:55:42] 📸 Screenshot salvo em: C:\REPOSITORIOS\GTN_CENARIOS\SIT-Conecta\output\final_sucesso_20260331_165533.png
[2026-03-31 16:55:42] 📝 HTML salvo em: C:\REPOSITORIOS\GTN_CENARIOS\SIT-Conecta\output\final_sucesso_20260331_165533.html
[2026-03-31 16:55:42] 📌 Adicionando arquivo ao git: dashboard_data\Cenarios_Consolidados_atualizado.csv
[2026-03-31 16:55:43] 📝 Criando commit: Atualiza dashboard GTN em 2026-03-31 16:55:43
[2026-03-31 16:55:43] 🚀 Enviando para o GitHub...
[2026-03-31 16:55:47] ✅ Commit e push realizados com sucesso.
[2026-03-31 16:55:47] 🎯 Processo concluído com sucesso.
[2026-03-31 16:55:47] 📥 Arquivo bruto: C:\REPOSITORIOS\GTN_CENARIOS\SIT-Conecta\downloads\20260331_165533_Cenários.csv
[2026-03-31 16:55:47] 📊 Arquivo dashboard: C:\REPOSITORIOS\GTN_CENARIOS\SIT-Conecta\dashboard_data\Cenarios_Consolidados_atualizado.csv
[2026-03-31 16:55:48] ✅ Execução encerrada com sucesso.
[2026-03-31 16:55:48] ⏳ Aguardando 111 segundos para a próxima execução...

[2026-03-31 16:57:39] ==================================================
[2026-03-31 16:57:39] 🚀 Iniciando nova execução
[2026-03-31 16:57:39] ==================================================
[2026-03-31 16:57:41] 🌐 Abrindo login...
[2026-03-31 16:57:44] 🔐 Preenchendo credenciais...
[2026-03-31 16:57:44] ➡️ Clicando em Acessar...
[2026-03-31 16:57:51] ✅ Login concluído. URL atual: https://gtn.ninecon.com.br/ords/r/gtn/gtn/home?session=101261328335468
[2026-03-31 16:57:51] 📂 Abrindo grupo do programa...
[2026-03-31 16:57:54] 🧭 Abrindo navegação principal...
[2026-03-31 16:57:55] 🌲 Expandindo menu...
[2026-03-31 16:57:55] 🧪 Entrando em Execução de Testes...
[2026-03-31 16:58:14] ✅ Tela de execução aberta: https://gtn.ninecon.com.br/ords/r/gtn/gtn/execu%C3%A7%C3%A3o-dos-testes?request=.&clear=NO&session=101261328335468&cs=3jJ-II5MMmLJhtx6ijXFqYjuRq3YqURihor333Xja-0eq0cFMeQSW2A8UMo8cdsuApUg0vHPMp8uJLmAUgUN9jg
[2026-03-31 16:58:14] ⚙️ Abrindo opções do relatório...
[2026-03-31 16:58:16] 📤 Abrindo menu Ações...
[2026-03-31 16:58:17] ⬇️ Baixando CSV...
[2026-03-31 16:58:22] ✅ CSV salvo em: C:\REPOSITORIOS\GTN_CENARIOS\SIT-Conecta\downloads\20260331_165822_Cenários.csv
[2026-03-31 16:58:22] 🧹 Tratando arquivo para dashboard...
[2026-03-31 16:58:22] ✅ Leitura realizada com sep=';' e encoding='latin1'
[2026-03-31 16:58:22] ✅ Arquivo final gerado: C:\REPOSITORIOS\GTN_CENARIOS\SIT-Conecta\dashboard_data\Cenarios_Consolidados_atualizado.csv
[2026-03-31 16:58:22] 🕒 Coluna 'Gerado em' preenchida com: 2026-03-31 16:58
[2026-03-31 16:58:33] 📸 Screenshot salvo em: C:\REPOSITORIOS\GTN_CENARIOS\SIT-Conecta\output\final_sucesso_20260331_165822.png
[2026-03-31 16:58:33] 📝 HTML salvo em: C:\REPOSITORIOS\GTN_CENARIOS\SIT-Conecta\output\final_sucesso_20260331_165822.html
[2026-03-31 16:58:33] 📌 Adicionando arquivo ao git: dashboard_data\Cenarios_Consolidados_atualizado.csv
[2026-03-31 16:58:33] 📝 Criando commit: Atualiza dashboard GTN em 2026-03-31 16:58:33
[2026-03-31 16:58:34] 🚀 Enviando para o GitHub...
[2026-03-31 16:58:37] ✅ Commit e push realizados com sucesso.
[2026-03-31 16:58:37] 🎯 Processo concluído com sucesso.
[2026-03-31 16:58:37] 📥 Arquivo bruto: C:\REPOSITORIOS\GTN_CENARIOS\SIT-Conecta\downloads\20260331_165822_Cenários.csv
[2026-03-31 16:58:37] 📊 Arquivo dashboard: C:\REPOSITORIOS\GTN_CENARIOS\SIT-Conecta\dashboard_data\Cenarios_Consolidados_atualizado.csv
[2026-03-31 16:58:38] ✅ Execução encerrada com sucesso.
[2026-03-31 16:58:38] ⏳ Aguardando 120 segundos para a próxima execução...

[2026-03-31 17:00:39] ==================================================
[2026-03-31 17:00:39] 🚀 Iniciando nova execução
[2026-03-31 17:00:39] ==================================================
[2026-03-31 17:00:41] 🌐 Abrindo login...
[2026-03-31 17:00:47] 🔐 Preenchendo credenciais...
[2026-03-31 17:00:48] ➡️ Clicando em Acessar...
[2026-03-31 17:00:56] ✅ Login concluído. URL atual: https://gtn.ninecon.com.br/ords/r/gtn/gtn/home?session=109680982427275
[2026-03-31 17:00:56] 📂 Abrindo grupo do programa...
[2026-03-31 17:00:59] 🧭 Abrindo navegação principal...
[2026-03-31 17:00:59] 🌲 Expandindo menu...
[2026-03-31 17:00:59] 🧪 Entrando em Execução de Testes...
[2026-03-31 17:01:20] ✅ Tela de execução aberta: https://gtn.ninecon.com.br/ords/r/gtn/gtn/execu%C3%A7%C3%A3o-dos-testes?request=.&clear=NO&session=109680982427275&cs=37TjW0TlTMmuiPwCbFAYXJwrWfTnGHIBDTI86_pa_qDDuykVww41jxNkfXmYzj7ZolsxuGhqDWu4ANlcSjRXk0Q
[2026-03-31 17:01:21] ⚙️ Abrindo opções do relatório...
[2026-03-31 17:01:24] 📤 Abrindo menu Ações...
[2026-03-31 17:01:25] ⬇️ Baixando CSV...
[2026-03-31 17:01:30] ✅ CSV salvo em: C:\REPOSITORIOS\GTN_CENARIOS\SIT-Conecta\downloads\20260331_170130_Cenários.csv
[2026-03-31 17:01:30] 🧹 Tratando arquivo para dashboard...
[2026-03-31 17:01:30] ✅ Leitura realizada com sep=';' e encoding='latin1'
[2026-03-31 17:01:30] ✅ Arquivo final gerado: C:\REPOSITORIOS\GTN_CENARIOS\SIT-Conecta\dashboard_data\Cenarios_Consolidados_atualizado.csv
[2026-03-31 17:01:30] 🕒 Coluna 'Gerado em' preenchida com: 2026-03-31 17:01
[2026-03-31 17:01:44] 📸 Screenshot salvo em: C:\REPOSITORIOS\GTN_CENARIOS\SIT-Conecta\output\final_sucesso_20260331_170130.png
[2026-03-31 17:01:44] 📝 HTML salvo em: C:\REPOSITORIOS\GTN_CENARIOS\SIT-Conecta\output\final_sucesso_20260331_170130.html
[2026-03-31 17:01:44] 📌 Adicionando arquivo ao git: dashboard_data\Cenarios_Consolidados_atualizado.csv
[2026-03-31 17:01:44] 📝 Criando commit: Atualiza dashboard GTN em 2026-03-31 17:01:44
[2026-03-31 17:01:44] 🚀 Enviando para o GitHub...
[2026-03-31 17:01:48] ✅ Commit e push realizados com sucesso.
[2026-03-31 17:01:49] 🎯 Processo concluído com sucesso.
[2026-03-31 17:01:49] 📥 Arquivo bruto: C:\REPOSITORIOS\GTN_CENARIOS\SIT-Conecta\downloads\20260331_170130_Cenários.csv
[2026-03-31 17:01:49] 📊 Arquivo dashboard: C:\REPOSITORIOS\GTN_CENARIOS\SIT-Conecta\dashboard_data\Cenarios_Consolidados_atualizado.csv
[2026-03-31 17:01:49] ✅ Execução encerrada com sucesso.
[2026-03-31 17:01:49] ⏳ Aguardando 110 segundos para a próxima execução...

[2026-03-31 17:03:39] ==================================================
[2026-03-31 17:03:39] 🚀 Iniciando nova execução
[2026-03-31 17:03:39] ==================================================
[2026-03-31 17:03:41] 🌐 Abrindo login...
[2026-03-31 17:03:46] 🔐 Preenchendo credenciais...
[2026-03-31 17:03:46] ➡️ Clicando em Acessar...
[2026-03-31 17:03:55] ✅ Login concluído. URL atual: https://gtn.ninecon.com.br/ords/r/gtn/gtn/home?session=102253960939655
[2026-03-31 17:03:55] 📂 Abrindo grupo do programa...
[2026-03-31 17:03:59] 🧭 Abrindo navegação principal...
[2026-03-31 17:03:59] 🌲 Expandindo menu...
[2026-03-31 17:03:59] 🧪 Entrando em Execução de Testes...
[2026-03-31 17:04:22] ✅ Tela de execução aberta: https://gtn.ninecon.com.br/ords/r/gtn/gtn/execu%C3%A7%C3%A3o-dos-testes?request=.&clear=NO&session=102253960939655&cs=3PMyoT0rGadfsOStJcn9QIZ3gkD9aeHpjbdYmT3tn8f4LlKfb7PQ0KyaEyNgshoIiLGWjCSCtfos9NqssTFWp5w
[2026-03-31 17:04:22] ⚙️ Abrindo opções do relatório...
[2026-03-31 17:04:26] 📤 Abrindo menu Ações...
[2026-03-31 17:04:27] ⬇️ Baixando CSV...
[2026-03-31 17:04:32] ✅ CSV salvo em: C:\REPOSITORIOS\GTN_CENARIOS\SIT-Conecta\downloads\20260331_170432_Cenários.csv
[2026-03-31 17:04:32] 🧹 Tratando arquivo para dashboard...
[2026-03-31 17:04:32] ✅ Leitura realizada com sep=';' e encoding='latin1'
[2026-03-31 17:04:32] ✅ Arquivo final gerado: C:\REPOSITORIOS\GTN_CENARIOS\SIT-Conecta\dashboard_data\Cenarios_Consolidados_atualizado.csv
[2026-03-31 17:04:32] 🕒 Coluna 'Gerado em' preenchida com: 2026-03-31 17:04
[2026-03-31 17:04:46] 📸 Screenshot salvo em: C:\REPOSITORIOS\GTN_CENARIOS\SIT-Conecta\output\final_sucesso_20260331_170432.png
[2026-03-31 17:04:46] 📝 HTML salvo em: C:\REPOSITORIOS\GTN_CENARIOS\SIT-Conecta\output\final_sucesso_20260331_170432.html
[2026-03-31 17:04:46] 📌 Adicionando arquivo ao git: dashboard_data\Cenarios_Consolidados_atualizado.csv
[2026-03-31 17:04:46] 📝 Criando commit: Atualiza dashboard GTN em 2026-03-31 17:04:46
[2026-03-31 17:04:46] 🚀 Enviando para o GitHub...
[2026-03-31 17:04:50] ✅ Commit e push realizados com sucesso.
[2026-03-31 17:04:50] 🎯 Processo concluído com sucesso.
[2026-03-31 17:04:50] 📥 Arquivo bruto: C:\REPOSITORIOS\GTN_CENARIOS\SIT-Conecta\downloads\20260331_170432_Cenários.csv
[2026-03-31 17:04:50] 📊 Arquivo dashboard: C:\REPOSITORIOS\GTN_CENARIOS\SIT-Conecta\dashboard_data\Cenarios_Consolidados_atualizado.csv
[2026-03-31 17:04:51] ✅ Execução encerrada com sucesso.
[2026-03-31 17:04:51] ⏳ Aguardando 108 segundos para a próxima execução...

[2026-03-31 17:06:39] ==================================================
[2026-03-31 17:06:39] 🚀 Iniciando nova execução
[2026-03-31 17:06:39] ==================================================
[2026-03-31 17:06:41] 🌐 Abrindo login...
[2026-03-31 17:06:44] 🔐 Preenchendo credenciais...
[2026-03-31 17:06:44] ➡️ Clicando em Acessar...
[2026-03-31 17:06:52] ✅ Login concluído. URL atual: https://gtn.ninecon.com.br/ords/r/gtn/gtn/home?session=105499233493270
[2026-03-31 17:06:52] 📂 Abrindo grupo do programa...
[2026-03-31 17:06:57] 🧭 Abrindo navegação principal...
[2026-03-31 17:06:57] 🌲 Expandindo menu...
[2026-03-31 17:06:57] 🧪 Entrando em Execução de Testes...
[2026-03-31 17:07:23] ✅ Tela de execução aberta: https://gtn.ninecon.com.br/ords/r/gtn/gtn/execu%C3%A7%C3%A3o-dos-testes?request=.&clear=NO&session=105499233493270&cs=3jKH_OKfvPjbaxdgPknpgTQwyJbZDPVF7ZKzTnjm90vXNTG2i_MBY5O7WcL0HmybY3qg5Ukik4DL6XKnIMp6-5g
[2026-03-31 17:07:23] ⚙️ Abrindo opções do relatório...
[2026-03-31 17:07:26] 📤 Abrindo menu Ações...
[2026-03-31 17:07:27] ⬇️ Baixando CSV...
[2026-03-31 17:07:32] ✅ CSV salvo em: C:\REPOSITORIOS\GTN_CENARIOS\SIT-Conecta\downloads\20260331_170732_Cenários.csv
[2026-03-31 17:07:32] 🧹 Tratando arquivo para dashboard...
[2026-03-31 17:07:32] ✅ Leitura realizada com sep=';' e encoding='latin1'
[2026-03-31 17:07:32] ✅ Arquivo final gerado: C:\REPOSITORIOS\GTN_CENARIOS\SIT-Conecta\dashboard_data\Cenarios_Consolidados_atualizado.csv
[2026-03-31 17:07:32] 🕒 Coluna 'Gerado em' preenchida com: 2026-03-31 17:07
[2026-03-31 17:07:47] 📸 Screenshot salvo em: C:\REPOSITORIOS\GTN_CENARIOS\SIT-Conecta\output\final_sucesso_20260331_170732.png
[2026-03-31 17:07:47] 📝 HTML salvo em: C:\REPOSITORIOS\GTN_CENARIOS\SIT-Conecta\output\final_sucesso_20260331_170732.html
[2026-03-31 17:07:47] 📌 Adicionando arquivo ao git: dashboard_data\Cenarios_Consolidados_atualizado.csv
[2026-03-31 17:07:47] 📝 Criando commit: Atualiza dashboard GTN em 2026-03-31 17:07:47
[2026-03-31 17:07:47] 🚀 Enviando para o GitHub...
[2026-03-31 17:07:52] ✅ Commit e push realizados com sucesso.
[2026-03-31 17:07:52] 🎯 Processo concluído com sucesso.
[2026-03-31 17:07:52] 📥 Arquivo bruto: C:\REPOSITORIOS\GTN_CENARIOS\SIT-Conecta\downloads\20260331_170732_Cenários.csv
[2026-03-31 17:07:52] 📊 Arquivo dashboard: C:\REPOSITORIOS\GTN_CENARIOS\SIT-Conecta\dashboard_data\Cenarios_Consolidados_atualizado.csv
[2026-03-31 17:07:53] ✅ Execução encerrada com sucesso.
[2026-03-31 17:07:53] ⏳ Aguardando 106 segundos para a próxima execução...

[2026-03-31 17:09:39] ==================================================
[2026-03-31 17:09:39] 🚀 Iniciando nova execução
[2026-03-31 17:09:39] ==================================================
[2026-03-31 17:09:41] 🌐 Abrindo login...
[2026-03-31 17:09:45] 🔐 Preenchendo credenciais...
[2026-03-31 17:09:45] ➡️ Clicando em Acessar...
[2026-03-31 17:09:53] ✅ Login concluído. URL atual: https://gtn.ninecon.com.br/ords/r/gtn/gtn/home?session=116294710403010
[2026-03-31 17:09:53] 📂 Abrindo grupo do programa...
[2026-03-31 17:09:57] 🧭 Abrindo navegação principal...
[2026-03-31 17:09:58] 🌲 Expandindo menu...
[2026-03-31 17:09:58] 🧪 Entrando em Execução de Testes...
[2026-03-31 17:10:21] ✅ Tela de execução aberta: https://gtn.ninecon.com.br/ords/r/gtn/gtn/execu%C3%A7%C3%A3o-dos-testes?request=.&clear=NO&session=116294710403010&cs=3ZwVDIzssN89KQWzoinkHHyaS3066X6G4lien9ouCAW_CAo7d677kaLtl6B09t20Eo0FtEwRLXgjVlG1cyUgePw
[2026-03-31 17:10:21] ⚙️ Abrindo opções do relatório...
[2026-03-31 17:10:24] 📤 Abrindo menu Ações...
[2026-03-31 17:10:26] ⬇️ Baixando CSV...
[2026-03-31 17:10:32] ✅ CSV salvo em: C:\REPOSITORIOS\GTN_CENARIOS\SIT-Conecta\downloads\20260331_171032_Cenários.csv
[2026-03-31 17:10:32] 🧹 Tratando arquivo para dashboard...
[2026-03-31 17:10:32] ✅ Leitura realizada com sep=';' e encoding='latin1'
[2026-03-31 17:10:32] ✅ Arquivo final gerado: C:\REPOSITORIOS\GTN_CENARIOS\SIT-Conecta\dashboard_data\Cenarios_Consolidados_atualizado.csv
[2026-03-31 17:10:32] 🕒 Coluna 'Gerado em' preenchida com: 2026-03-31 17:10
[2026-03-31 17:10:45] 📸 Screenshot salvo em: C:\REPOSITORIOS\GTN_CENARIOS\SIT-Conecta\output\final_sucesso_20260331_171032.png
[2026-03-31 17:10:45] 📝 HTML salvo em: C:\REPOSITORIOS\GTN_CENARIOS\SIT-Conecta\output\final_sucesso_20260331_171032.html
[2026-03-31 17:10:45] 📌 Adicionando arquivo ao git: dashboard_data\Cenarios_Consolidados_atualizado.csv
[2026-03-31 17:10:46] 📝 Criando commit: Atualiza dashboard GTN em 2026-03-31 17:10:46
[2026-03-31 17:10:46] 🚀 Enviando para o GitHub...
[2026-03-31 17:10:50] ✅ Commit e push realizados com sucesso.
[2026-03-31 17:10:50] 🎯 Processo concluído com sucesso.
[2026-03-31 17:10:50] 📥 Arquivo bruto: C:\REPOSITORIOS\GTN_CENARIOS\SIT-Conecta\downloads\20260331_171032_Cenários.csv
[2026-03-31 17:10:50] 📊 Arquivo dashboard: C:\REPOSITORIOS\GTN_CENARIOS\SIT-Conecta\dashboard_data\Cenarios_Consolidados_atualizado.csv
[2026-03-31 17:10:51] ✅ Execução encerrada com sucesso.
[2026-03-31 17:10:51] ⏳ Aguardando 108 segundos para a próxima execução...

[2026-03-31 17:12:39] ==================================================
[2026-03-31 17:12:39] 🚀 Iniciando nova execução
[2026-03-31 17:12:39] ==================================================
[2026-03-31 17:12:41] 🌐 Abrindo login...
[2026-03-31 17:12:45] 🔐 Preenchendo credenciais...
[2026-03-31 17:12:45] ➡️ Clicando em Acessar...
[2026-03-31 17:12:56] ✅ Login concluído. URL atual: https://gtn.ninecon.com.br/ords/r/gtn/gtn/home?session=114019797569107
[2026-03-31 17:12:56] 📂 Abrindo grupo do programa...
[2026-03-31 17:13:01] 🧭 Abrindo navegação principal...
[2026-03-31 17:13:01] 🌲 Expandindo menu...
[2026-03-31 17:13:02] 🧪 Entrando em Execução de Testes...
[2026-03-31 17:13:22] ✅ Tela de execução aberta: https://gtn.ninecon.com.br/ords/r/gtn/gtn/execu%C3%A7%C3%A3o-dos-testes?request=.&clear=NO&session=114019797569107&cs=3Cyv-iWGYBzfzqCFhyivRLE7itTuE99E93MXuyjvf6z9sLMn8HZfkU__NEcuPCsOJJhQ4rn0GzMb3UsuEebGlyA
[2026-03-31 17:13:22] ⚙️ Abrindo opções do relatório...
[2026-03-31 17:13:24] 📤 Abrindo menu Ações...
[2026-03-31 17:13:25] ⬇️ Baixando CSV...
[2026-03-31 17:13:30] ✅ CSV salvo em: C:\REPOSITORIOS\GTN_CENARIOS\SIT-Conecta\downloads\20260331_171330_Cenários.csv
[2026-03-31 17:13:30] 🧹 Tratando arquivo para dashboard...
[2026-03-31 17:13:30] ✅ Leitura realizada com sep=';' e encoding='latin1'
[2026-03-31 17:13:30] ✅ Arquivo final gerado: C:\REPOSITORIOS\GTN_CENARIOS\SIT-Conecta\dashboard_data\Cenarios_Consolidados_atualizado.csv
[2026-03-31 17:13:30] 🕒 Coluna 'Gerado em' preenchida com: 2026-03-31 17:13
[2026-03-31 17:13:40] 📸 Screenshot salvo em: C:\REPOSITORIOS\GTN_CENARIOS\SIT-Conecta\output\final_sucesso_20260331_171330.png
[2026-03-31 17:13:40] 📝 HTML salvo em: C:\REPOSITORIOS\GTN_CENARIOS\SIT-Conecta\output\final_sucesso_20260331_171330.html
[2026-03-31 17:13:40] 📌 Adicionando arquivo ao git: dashboard_data\Cenarios_Consolidados_atualizado.csv
[2026-03-31 17:13:40] 📝 Criando commit: Atualiza dashboard GTN em 2026-03-31 17:13:40
[2026-03-31 17:13:40] 🚀 Enviando para o GitHub...
[2026-03-31 17:13:45] ✅ Commit e push realizados com sucesso.
[2026-03-31 17:13:45] 🎯 Processo concluído com sucesso.
[2026-03-31 17:13:45] 📥 Arquivo bruto: C:\REPOSITORIOS\GTN_CENARIOS\SIT-Conecta\downloads\20260331_171330_Cenários.csv
[2026-03-31 17:13:45] 📊 Arquivo dashboard: C:\REPOSITORIOS\GTN_CENARIOS\SIT-Conecta\dashboard_data\Cenarios_Consolidados_atualizado.csv
[2026-03-31 17:13:45] ✅ Execução encerrada com sucesso.
[2026-03-31 17:13:45] ⏳ Aguardando 114 segundos para a próxima execução...

[2026-03-31 17:15:39] ==================================================
[2026-03-31 17:15:39] 🚀 Iniciando nova execução
[2026-03-31 17:15:39] ==================================================
[2026-03-31 17:15:41] 🌐 Abrindo login...
[2026-03-31 17:15:46] 🔐 Preenchendo credenciais...
[2026-03-31 17:15:46] ➡️ Clicando em Acessar...
[2026-03-31 17:15:54] ✅ Login concluído. URL atual: https://gtn.ninecon.com.br/ords/r/gtn/gtn/home?session=106986570436381
[2026-03-31 17:15:54] 📂 Abrindo grupo do programa...
[2026-03-31 17:15:58] 🧭 Abrindo navegação principal...
[2026-03-31 17:15:58] 🌲 Expandindo menu...
[2026-03-31 17:15:58] 🧪 Entrando em Execução de Testes...
[2026-03-31 17:16:22] ✅ Tela de execução aberta: https://gtn.ninecon.com.br/ords/r/gtn/gtn/execu%C3%A7%C3%A3o-dos-testes?request=.&clear=NO&session=106986570436381&cs=3H_PoceIuKgACtVPUteU82RxklEMX1JOGthcvNPmoR7Es2iEpbP9HZZ0UfAtFW8GAwwDWRxkyWz7Ve2bIAAE5iQ
[2026-03-31 17:16:22] ⚙️ Abrindo opções do relatório...
[2026-03-31 17:16:23] 📤 Abrindo menu Ações...
[2026-03-31 17:16:24] ⬇️ Baixando CSV...
[2026-03-31 17:16:29] ✅ CSV salvo em: C:\REPOSITORIOS\GTN_CENARIOS\SIT-Conecta\downloads\20260331_171629_Cenários.csv
[2026-03-31 17:16:29] 🧹 Tratando arquivo para dashboard...
[2026-03-31 17:16:29] ✅ Leitura realizada com sep=';' e encoding='latin1'
[2026-03-31 17:16:29] ✅ Arquivo final gerado: C:\REPOSITORIOS\GTN_CENARIOS\SIT-Conecta\dashboard_data\Cenarios_Consolidados_atualizado.csv
[2026-03-31 17:16:29] 🕒 Coluna 'Gerado em' preenchida com: 2026-03-31 17:16
[2026-03-31 17:16:38] 📸 Screenshot salvo em: C:\REPOSITORIOS\GTN_CENARIOS\SIT-Conecta\output\final_sucesso_20260331_171629.png
[2026-03-31 17:16:38] 📝 HTML salvo em: C:\REPOSITORIOS\GTN_CENARIOS\SIT-Conecta\output\final_sucesso_20260331_171629.html
[2026-03-31 17:16:38] 📌 Adicionando arquivo ao git: dashboard_data\Cenarios_Consolidados_atualizado.csv
[2026-03-31 17:16:38] 📝 Criando commit: Atualiza dashboard GTN em 2026-03-31 17:16:38
[2026-03-31 17:16:38] 🚀 Enviando para o GitHub...
[2026-03-31 17:16:42] ✅ Commit e push realizados com sucesso.
[2026-03-31 17:16:42] 🎯 Processo concluído com sucesso.
[2026-03-31 17:16:42] 📥 Arquivo bruto: C:\REPOSITORIOS\GTN_CENARIOS\SIT-Conecta\downloads\20260331_171629_Cenários.csv
[2026-03-31 17:16:42] 📊 Arquivo dashboard: C:\REPOSITORIOS\GTN_CENARIOS\SIT-Conecta\dashboard_data\Cenarios_Consolidados_atualizado.csv
[2026-03-31 17:16:43] ✅ Execução encerrada com sucesso.
[2026-03-31 17:16:43] ⏳ Aguardando 116 segundos para a próxima execução...

[2026-03-31 17:18:39] ==================================================
[2026-03-31 17:18:39] 🚀 Iniciando nova execução
[2026-03-31 17:18:39] ==================================================
[2026-03-31 17:18:41] 🌐 Abrindo login...
[2026-03-31 17:18:46] 🔐 Preenchendo credenciais...
[2026-03-31 17:18:46] ➡️ Clicando em Acessar...
[2026-03-31 17:18:57] ✅ Login concluído. URL atual: https://gtn.ninecon.com.br/ords/r/gtn/gtn/home?session=101844132397856
[2026-03-31 17:18:57] 📂 Abrindo grupo do programa...
[2026-03-31 17:19:01] 🧭 Abrindo navegação principal...
[2026-03-31 17:19:01] 🌲 Expandindo menu...
[2026-03-31 17:19:01] 🧪 Entrando em Execução de Testes...
[2026-03-31 17:19:30] ✅ Tela de execução aberta: https://gtn.ninecon.com.br/ords/r/gtn/gtn/execu%C3%A7%C3%A3o-dos-testes?request=.&clear=NO&session=101844132397856&cs=3T9r2KFBd90ZUqj9zsgWYzy9EY5MifWPzwtJacb9jRe4VhKHc4lq6-C1-I7JOyiigLqQBCwhf0kPAR3MZ1Cg4ig
[2026-03-31 17:19:30] ⚙️ Abrindo opções do relatório...
[2026-03-31 17:19:33] 📤 Abrindo menu Ações...
[2026-03-31 17:19:35] ⬇️ Baixando CSV...
[2026-03-31 17:19:40] ✅ CSV salvo em: C:\REPOSITORIOS\GTN_CENARIOS\SIT-Conecta\downloads\20260331_171940_Cenários.csv
[2026-03-31 17:19:40] 🧹 Tratando arquivo para dashboard...
[2026-03-31 17:19:40] ✅ Leitura realizada com sep=';' e encoding='latin1'
[2026-03-31 17:19:40] ✅ Arquivo final gerado: C:\REPOSITORIOS\GTN_CENARIOS\SIT-Conecta\dashboard_data\Cenarios_Consolidados_atualizado.csv
[2026-03-31 17:19:40] 🕒 Coluna 'Gerado em' preenchida com: 2026-03-31 17:19
[2026-03-31 17:19:53] 📸 Screenshot salvo em: C:\REPOSITORIOS\GTN_CENARIOS\SIT-Conecta\output\final_sucesso_20260331_171940.png
[2026-03-31 17:19:53] 📝 HTML salvo em: C:\REPOSITORIOS\GTN_CENARIOS\SIT-Conecta\output\final_sucesso_20260331_171940.html
[2026-03-31 17:19:53] 📌 Adicionando arquivo ao git: dashboard_data\Cenarios_Consolidados_atualizado.csv
[2026-03-31 17:19:53] 📝 Criando commit: Atualiza dashboard GTN em 2026-03-31 17:19:53
[2026-03-31 17:19:54] 🚀 Enviando para o GitHub...
[2026-03-31 17:19:58] ✅ Commit e push realizados com sucesso.
[2026-03-31 17:19:58] 🎯 Processo concluído com sucesso.
[2026-03-31 17:19:58] 📥 Arquivo bruto: C:\REPOSITORIOS\GTN_CENARIOS\SIT-Conecta\downloads\20260331_171940_Cenários.csv
[2026-03-31 17:19:58] 📊 Arquivo dashboard: C:\REPOSITORIOS\GTN_CENARIOS\SIT-Conecta\dashboard_data\Cenarios_Consolidados_atualizado.csv
[2026-03-31 17:19:58] ✅ Execução encerrada com sucesso.
[2026-03-31 17:19:58] ⏳ Aguardando 100 segundos para a próxima execução...

[2026-03-31 17:21:39] ==================================================
[2026-03-31 17:21:39] 🚀 Iniciando nova execução
[2026-03-31 17:21:39] ==================================================
[2026-03-31 17:21:41] 🌐 Abrindo login...
[2026-03-31 17:21:46] 🔐 Preenchendo credenciais...
[2026-03-31 17:21:46] ➡️ Clicando em Acessar...
[2026-03-31 17:21:53] ✅ Login concluído. URL atual: https://gtn.ninecon.com.br/ords/r/gtn/gtn/home?session=104112815693530
[2026-03-31 17:21:53] 📂 Abrindo grupo do programa...
[2026-03-31 17:21:58] 🧭 Abrindo navegação principal...
[2026-03-31 17:21:58] 🌲 Expandindo menu...
[2026-03-31 17:21:58] 🧪 Entrando em Execução de Testes...
[2026-03-31 17:22:20] ✅ Tela de execução aberta: https://gtn.ninecon.com.br/ords/r/gtn/gtn/execu%C3%A7%C3%A3o-dos-testes?request=.&clear=NO&session=104112815693530&cs=3PXFZ-AS4EAaMZhstmQa2KCpFQmqO3eAyrtoaS_rwXzN9eChWJ5DQE4Whc0QMobK9LnOE1Rn3MrTrrwCspZEKWw
[2026-03-31 17:22:20] ⚙️ Abrindo opções do relatório...
[2026-03-31 17:22:22] 📤 Abrindo menu Ações...
[2026-03-31 17:22:23] ⬇️ Baixando CSV...
[2026-03-31 17:22:27] ✅ CSV salvo em: C:\REPOSITORIOS\GTN_CENARIOS\SIT-Conecta\downloads\20260331_172227_Cenários.csv
[2026-03-31 17:22:27] 🧹 Tratando arquivo para dashboard...
[2026-03-31 17:22:27] ✅ Leitura realizada com sep=';' e encoding='latin1'
[2026-03-31 17:22:27] ✅ Arquivo final gerado: C:\REPOSITORIOS\GTN_CENARIOS\SIT-Conecta\dashboard_data\Cenarios_Consolidados_atualizado.csv
[2026-03-31 17:22:27] 🕒 Coluna 'Gerado em' preenchida com: 2026-03-31 17:22
[2026-03-31 17:22:36] 📸 Screenshot salvo em: C:\REPOSITORIOS\GTN_CENARIOS\SIT-Conecta\output\final_sucesso_20260331_172227.png
[2026-03-31 17:22:36] 📝 HTML salvo em: C:\REPOSITORIOS\GTN_CENARIOS\SIT-Conecta\output\final_sucesso_20260331_172227.html
[2026-03-31 17:22:36] 📌 Adicionando arquivo ao git: dashboard_data\Cenarios_Consolidados_atualizado.csv
[2026-03-31 17:22:36] 📝 Criando commit: Atualiza dashboard GTN em 2026-03-31 17:22:36
[2026-03-31 17:22:37] 🚀 Enviando para o GitHub...
[2026-03-31 17:22:41] ✅ Commit e push realizados com sucesso.
[2026-03-31 17:22:41] 🎯 Processo concluído com sucesso.
[2026-03-31 17:22:41] 📥 Arquivo bruto: C:\REPOSITORIOS\GTN_CENARIOS\SIT-Conecta\downloads\20260331_172227_Cenários.csv
[2026-03-31 17:22:41] 📊 Arquivo dashboard: C:\REPOSITORIOS\GTN_CENARIOS\SIT-Conecta\dashboard_data\Cenarios_Consolidados_atualizado.csv
[2026-03-31 17:22:41] ✅ Execução encerrada com sucesso.
[2026-03-31 17:22:41] ⏳ Aguardando 117 segundos para a próxima execução...

[2026-03-31 17:24:39] ==================================================
[2026-03-31 17:24:39] 🚀 Iniciando nova execução
[2026-03-31 17:24:39] ==================================================
[2026-03-31 17:24:41] 🌐 Abrindo login...
[2026-03-31 17:24:45] 🔐 Preenchendo credenciais...
[2026-03-31 17:24:45] ➡️ Clicando em Acessar...
[2026-03-31 17:24:53] ✅ Login concluído. URL atual: https://gtn.ninecon.com.br/ords/r/gtn/gtn/home?session=111405462209088
[2026-03-31 17:24:53] 📂 Abrindo grupo do programa...
[2026-03-31 17:24:57] 🧭 Abrindo navegação principal...
[2026-03-31 17:24:57] 🌲 Expandindo menu...
[2026-03-31 17:24:57] 🧪 Entrando em Execução de Testes...
[2026-03-31 17:25:17] ✅ Tela de execução aberta: https://gtn.ninecon.com.br/ords/r/gtn/gtn/execu%C3%A7%C3%A3o-dos-testes?request=.&clear=NO&session=111405462209088&cs=3QWbJE__2g8aNCO5P4ZEfaUyTtHlI3cTYOs04_bIBWjwEQh4NhCEmcFQIX9r2o1GFfdGF1MxGPOkezr-WO_XvrA
[2026-03-31 17:25:17] ⚙️ Abrindo opções do relatório...
[2026-03-31 17:25:20] 📤 Abrindo menu Ações...
[2026-03-31 17:25:22] ⬇️ Baixando CSV...
[2026-03-31 17:25:27] ✅ CSV salvo em: C:\REPOSITORIOS\GTN_CENARIOS\SIT-Conecta\downloads\20260331_172527_Cenários.csv
[2026-03-31 17:25:27] 🧹 Tratando arquivo para dashboard...
[2026-03-31 17:25:27] ✅ Leitura realizada com sep=';' e encoding='latin1'
[2026-03-31 17:25:27] ✅ Arquivo final gerado: C:\REPOSITORIOS\GTN_CENARIOS\SIT-Conecta\dashboard_data\Cenarios_Consolidados_atualizado.csv
[2026-03-31 17:25:27] 🕒 Coluna 'Gerado em' preenchida com: 2026-03-31 17:25
[2026-03-31 17:25:42] 📸 Screenshot salvo em: C:\REPOSITORIOS\GTN_CENARIOS\SIT-Conecta\output\final_sucesso_20260331_172527.png
[2026-03-31 17:25:42] 📝 HTML salvo em: C:\REPOSITORIOS\GTN_CENARIOS\SIT-Conecta\output\final_sucesso_20260331_172527.html
[2026-03-31 17:25:42] 📌 Adicionando arquivo ao git: dashboard_data\Cenarios_Consolidados_atualizado.csv
[2026-03-31 17:25:42] 📝 Criando commit: Atualiza dashboard GTN em 2026-03-31 17:25:42
[2026-03-31 17:25:42] 🚀 Enviando para o GitHub...
[2026-03-31 17:25:47] ✅ Commit e push realizados com sucesso.
[2026-03-31 17:25:47] 🎯 Processo concluído com sucesso.
[2026-03-31 17:25:47] 📥 Arquivo bruto: C:\REPOSITORIOS\GTN_CENARIOS\SIT-Conecta\downloads\20260331_172527_Cenários.csv
[2026-03-31 17:25:47] 📊 Arquivo dashboard: C:\REPOSITORIOS\GTN_CENARIOS\SIT-Conecta\dashboard_data\Cenarios_Consolidados_atualizado.csv
[2026-03-31 17:25:48] ✅ Execução encerrada com sucesso.
[2026-03-31 17:25:48] ⏳ Aguardando 111 segundos para a próxima execução...

[2026-03-31 17:27:39] ==================================================
[2026-03-31 17:27:39] 🚀 Iniciando nova execução
[2026-03-31 17:27:39] ==================================================
[2026-03-31 17:27:41] 🌐 Abrindo login...
[2026-03-31 17:27:44] 🔐 Preenchendo credenciais...
[2026-03-31 17:27:44] ➡️ Clicando em Acessar...
[2026-03-31 17:27:51] ✅ Login concluído. URL atual: https://gtn.ninecon.com.br/ords/r/gtn/gtn/home?session=110426430268276
[2026-03-31 17:27:51] 📂 Abrindo grupo do programa...
[2026-03-31 17:27:54] 🧭 Abrindo navegação principal...
[2026-03-31 17:27:54] 🌲 Expandindo menu...
[2026-03-31 17:27:55] 🧪 Entrando em Execução de Testes...
[2026-03-31 17:28:10] ✅ Tela de execução aberta: https://gtn.ninecon.com.br/ords/r/gtn/gtn/execu%C3%A7%C3%A3o-dos-testes?request=.&clear=NO&session=110426430268276&cs=3QRjdXFbmmnXfr2-_3-2pQCgVsoBCfofcspYKNvdeM26C4NQF9eKRbcO14bSxzPebpD-8yqnROxr0saO2onegsw
[2026-03-31 17:28:10] ⚙️ Abrindo opções do relatório...
[2026-03-31 17:28:12] 📤 Abrindo menu Ações...
[2026-03-31 17:28:13] ⬇️ Baixando CSV...
[2026-03-31 17:28:24] ✅ CSV salvo em: C:\REPOSITORIOS\GTN_CENARIOS\SIT-Conecta\downloads\20260331_172824_Cenários.csv
[2026-03-31 17:28:24] 🧹 Tratando arquivo para dashboard...
[2026-03-31 17:28:24] ✅ Leitura realizada com sep=';' e encoding='latin1'
[2026-03-31 17:28:24] ✅ Arquivo final gerado: C:\REPOSITORIOS\GTN_CENARIOS\SIT-Conecta\dashboard_data\Cenarios_Consolidados_atualizado.csv
[2026-03-31 17:28:24] 🕒 Coluna 'Gerado em' preenchida com: 2026-03-31 17:28
[2026-03-31 17:28:47] 📸 Screenshot salvo em: C:\REPOSITORIOS\GTN_CENARIOS\SIT-Conecta\output\final_sucesso_20260331_172824.png
[2026-03-31 17:28:47] 📝 HTML salvo em: C:\REPOSITORIOS\GTN_CENARIOS\SIT-Conecta\output\final_sucesso_20260331_172824.html
[2026-03-31 17:28:47] 📌 Adicionando arquivo ao git: dashboard_data\Cenarios_Consolidados_atualizado.csv
[2026-03-31 17:28:47] 📝 Criando commit: Atualiza dashboard GTN em 2026-03-31 17:28:47
[2026-03-31 17:28:47] 🚀 Enviando para o GitHub...
[2026-03-31 17:28:52] ✅ Commit e push realizados com sucesso.
[2026-03-31 17:28:52] 🎯 Processo concluído com sucesso.
[2026-03-31 17:28:52] 📥 Arquivo bruto: C:\REPOSITORIOS\GTN_CENARIOS\SIT-Conecta\downloads\20260331_172824_Cenários.csv
[2026-03-31 17:28:52] 📊 Arquivo dashboard: C:\REPOSITORIOS\GTN_CENARIOS\SIT-Conecta\dashboard_data\Cenarios_Consolidados_atualizado.csv
[2026-03-31 17:28:52] ✅ Execução encerrada com sucesso.
[2026-03-31 17:28:52] ⏳ Aguardando 107 segundos para a próxima execução...

[2026-03-31 17:30:39] ==================================================
[2026-03-31 17:30:39] 🚀 Iniciando nova execução
[2026-03-31 17:30:39] ==================================================
[2026-03-31 17:30:41] 🌐 Abrindo login...
[2026-03-31 17:30:46] 🔐 Preenchendo credenciais...
[2026-03-31 17:30:46] ➡️ Clicando em Acessar...
[2026-03-31 17:30:53] ✅ Login concluído. URL atual: https://gtn.ninecon.com.br/ords/r/gtn/gtn/home?session=116351666976915
[2026-03-31 17:30:53] 📂 Abrindo grupo do programa...
[2026-03-31 17:30:57] 🧭 Abrindo navegação principal...
[2026-03-31 17:30:57] 🌲 Expandindo menu...
[2026-03-31 17:30:57] 🧪 Entrando em Execução de Testes...
[2026-03-31 17:31:17] ✅ Tela de execução aberta: https://gtn.ninecon.com.br/ords/r/gtn/gtn/execu%C3%A7%C3%A3o-dos-testes?request=.&clear=NO&session=116351666976915&cs=3RBWjPrsldBzfmB0W3DaoM9phe-sUsATTKoTNjpF2roCdFtpev9hpOUntr3MvLfxT4RN4Wv44TuDfaGCR1aYdhg
[2026-03-31 17:31:17] ⚙️ Abrindo opções do relatório...
[2026-03-31 17:31:19] 📤 Abrindo menu Ações...
[2026-03-31 17:31:21] ⬇️ Baixando CSV...
[2026-03-31 17:31:26] ✅ CSV salvo em: C:\REPOSITORIOS\GTN_CENARIOS\SIT-Conecta\downloads\20260331_173126_Cenários.csv
[2026-03-31 17:31:26] 🧹 Tratando arquivo para dashboard...
[2026-03-31 17:31:26] ✅ Leitura realizada com sep=';' e encoding='latin1'
[2026-03-31 17:31:26] ✅ Arquivo final gerado: C:\REPOSITORIOS\GTN_CENARIOS\SIT-Conecta\dashboard_data\Cenarios_Consolidados_atualizado.csv
[2026-03-31 17:31:26] 🕒 Coluna 'Gerado em' preenchida com: 2026-03-31 17:31
[2026-03-31 17:31:38] 📸 Screenshot salvo em: C:\REPOSITORIOS\GTN_CENARIOS\SIT-Conecta\output\final_sucesso_20260331_173126.png
[2026-03-31 17:31:38] 📝 HTML salvo em: C:\REPOSITORIOS\GTN_CENARIOS\SIT-Conecta\output\final_sucesso_20260331_173126.html
[2026-03-31 17:31:38] 📌 Adicionando arquivo ao git: dashboard_data\Cenarios_Consolidados_atualizado.csv
[2026-03-31 17:31:39] 📝 Criando commit: Atualiza dashboard GTN em 2026-03-31 17:31:39
[2026-03-31 17:31:39] 🚀 Enviando para o GitHub...
[2026-03-31 17:31:43] ✅ Commit e push realizados com sucesso.
[2026-03-31 17:31:43] 🎯 Processo concluído com sucesso.
[2026-03-31 17:31:43] 📥 Arquivo bruto: C:\REPOSITORIOS\GTN_CENARIOS\SIT-Conecta\downloads\20260331_173126_Cenários.csv
[2026-03-31 17:31:43] 📊 Arquivo dashboard: C:\REPOSITORIOS\GTN_CENARIOS\SIT-Conecta\dashboard_data\Cenarios_Consolidados_atualizado.csv
[2026-03-31 17:31:44] ✅ Execução encerrada com sucesso.
[2026-03-31 17:31:44] ⏳ Aguardando 115 segundos para a próxima execução...

[2026-03-31 17:33:39] ==================================================
[2026-03-31 17:33:39] 🚀 Iniciando nova execução
[2026-03-31 17:33:39] ==================================================
[2026-03-31 17:33:41] 🌐 Abrindo login...
[2026-03-31 17:33:45] 🔐 Preenchendo credenciais...
[2026-03-31 17:33:45] ➡️ Clicando em Acessar...
[2026-03-31 17:33:53] ✅ Login concluído. URL atual: https://gtn.ninecon.com.br/ords/r/gtn/gtn/home?session=104258214675531
[2026-03-31 17:33:53] 📂 Abrindo grupo do programa...
[2026-03-31 17:33:56] 🧭 Abrindo navegação principal...
[2026-03-31 17:33:56] 🌲 Expandindo menu...
[2026-03-31 17:33:56] 🧪 Entrando em Execução de Testes...
[2026-03-31 17:34:13] ✅ Tela de execução aberta: https://gtn.ninecon.com.br/ords/r/gtn/gtn/execu%C3%A7%C3%A3o-dos-testes?request=.&clear=NO&session=104258214675531&cs=3xSLFjtbXBuTkD8QEMmjb_3idJ8g4xCfGhYsCrVxl8nuBBq4xSQzVuKs6vpZbsaMqlCBQrbdlXLawf1cFV1FTdQ
[2026-03-31 17:34:13] ⚙️ Abrindo opções do relatório...
[2026-03-31 17:34:15] 📤 Abrindo menu Ações...
[2026-03-31 17:34:16] ⬇️ Baixando CSV...
[2026-03-31 17:34:21] ✅ CSV salvo em: C:\REPOSITORIOS\GTN_CENARIOS\SIT-Conecta\downloads\20260331_173421_Cenários.csv
[2026-03-31 17:34:21] 🧹 Tratando arquivo para dashboard...
[2026-03-31 17:34:21] ✅ Leitura realizada com sep=';' e encoding='latin1'
[2026-03-31 17:34:21] ✅ Arquivo final gerado: C:\REPOSITORIOS\GTN_CENARIOS\SIT-Conecta\dashboard_data\Cenarios_Consolidados_atualizado.csv
[2026-03-31 17:34:21] 🕒 Coluna 'Gerado em' preenchida com: 2026-03-31 17:34
[2026-03-31 17:34:34] 📸 Screenshot salvo em: C:\REPOSITORIOS\GTN_CENARIOS\SIT-Conecta\output\final_sucesso_20260331_173421.png
[2026-03-31 17:34:34] 📝 HTML salvo em: C:\REPOSITORIOS\GTN_CENARIOS\SIT-Conecta\output\final_sucesso_20260331_173421.html
[2026-03-31 17:34:34] 📌 Adicionando arquivo ao git: dashboard_data\Cenarios_Consolidados_atualizado.csv
[2026-03-31 17:34:34] 📝 Criando commit: Atualiza dashboard GTN em 2026-03-31 17:34:34
[2026-03-31 17:34:34] 🚀 Enviando para o GitHub...
[2026-03-31 17:34:39] ✅ Commit e push realizados com sucesso.
[2026-03-31 17:34:39] 🎯 Processo concluído com sucesso.
[2026-03-31 17:34:39] 📥 Arquivo bruto: C:\REPOSITORIOS\GTN_CENARIOS\SIT-Conecta\downloads\20260331_173421_Cenários.csv
[2026-03-31 17:34:39] 📊 Arquivo dashboard: C:\REPOSITORIOS\GTN_CENARIOS\SIT-Conecta\dashboard_data\Cenarios_Consolidados_atualizado.csv
[2026-03-31 17:34:39] ✅ Execução encerrada com sucesso.
[2026-03-31 17:34:39] ⏳ Aguardando 119 segundos para a próxima execução...

[2026-03-31 17:36:39] ==================================================
[2026-03-31 17:36:39] 🚀 Iniciando nova execução
[2026-03-31 17:36:39] ==================================================
[2026-03-31 17:36:41] 🌐 Abrindo login...
[2026-03-31 17:36:45] 🔐 Preenchendo credenciais...
[2026-03-31 17:36:45] ➡️ Clicando em Acessar...
[2026-03-31 17:36:52] ✅ Login concluído. URL atual: https://gtn.ninecon.com.br/ords/r/gtn/gtn/home?session=109666838991074
[2026-03-31 17:36:52] 📂 Abrindo grupo do programa...
[2026-03-31 17:36:55] 🧭 Abrindo navegação principal...
[2026-03-31 17:36:55] 🌲 Expandindo menu...
[2026-03-31 17:36:55] 🧪 Entrando em Execução de Testes...
[2026-03-31 17:37:11] ✅ Tela de execução aberta: https://gtn.ninecon.com.br/ords/r/gtn/gtn/execu%C3%A7%C3%A3o-dos-testes?request=.&clear=NO&session=109666838991074&cs=33sbYfSyi-uQRfmH09_xNpbY4TXYRKItXghuZ1oy8CEln08iCLpbeAG1GXOP5iiHqc_GDPoZ9RJhGyynd0po2Pg
[2026-03-31 17:37:11] ⚙️ Abrindo opções do relatório...
[2026-03-31 17:37:15] 📤 Abrindo menu Ações...
[2026-03-31 17:37:16] ⬇️ Baixando CSV...
[2026-03-31 17:37:21] ✅ CSV salvo em: C:\REPOSITORIOS\GTN_CENARIOS\SIT-Conecta\downloads\20260331_173721_Cenários.csv
[2026-03-31 17:37:21] 🧹 Tratando arquivo para dashboard...
[2026-03-31 17:37:21] ✅ Leitura realizada com sep=';' e encoding='latin1'
[2026-03-31 17:37:21] ✅ Arquivo final gerado: C:\REPOSITORIOS\GTN_CENARIOS\SIT-Conecta\dashboard_data\Cenarios_Consolidados_atualizado.csv
[2026-03-31 17:37:21] 🕒 Coluna 'Gerado em' preenchida com: 2026-03-31 17:37
[2026-03-31 17:37:35] 📸 Screenshot salvo em: C:\REPOSITORIOS\GTN_CENARIOS\SIT-Conecta\output\final_sucesso_20260331_173721.png
[2026-03-31 17:37:35] 📝 HTML salvo em: C:\REPOSITORIOS\GTN_CENARIOS\SIT-Conecta\output\final_sucesso_20260331_173721.html
[2026-03-31 17:37:35] 📌 Adicionando arquivo ao git: dashboard_data\Cenarios_Consolidados_atualizado.csv
[2026-03-31 17:37:36] 📝 Criando commit: Atualiza dashboard GTN em 2026-03-31 17:37:36
[2026-03-31 17:37:36] 🚀 Enviando para o GitHub...
[2026-03-31 17:37:40] ✅ Commit e push realizados com sucesso.
[2026-03-31 17:37:40] 🎯 Processo concluído com sucesso.
[2026-03-31 17:37:40] 📥 Arquivo bruto: C:\REPOSITORIOS\GTN_CENARIOS\SIT-Conecta\downloads\20260331_173721_Cenários.csv
[2026-03-31 17:37:40] 📊 Arquivo dashboard: C:\REPOSITORIOS\GTN_CENARIOS\SIT-Conecta\dashboard_data\Cenarios_Consolidados_atualizado.csv
[2026-03-31 17:37:41] ✅ Execução encerrada com sucesso.
[2026-03-31 17:37:41] ⏳ Aguardando 118 segundos para a próxima execução...

[2026-03-31 17:39:39] ==================================================
[2026-03-31 17:39:39] 🚀 Iniciando nova execução
[2026-03-31 17:39:39] ==================================================
[2026-03-31 17:39:41] 🌐 Abrindo login...
[2026-03-31 17:39:44] 🔐 Preenchendo credenciais...
[2026-03-31 17:39:44] ➡️ Clicando em Acessar...
[2026-03-31 17:39:51] ✅ Login concluído. URL atual: https://gtn.ninecon.com.br/ords/r/gtn/gtn/home?session=110325563309463
[2026-03-31 17:39:51] 📂 Abrindo grupo do programa...
[2026-03-31 17:39:54] 🧭 Abrindo navegação principal...
[2026-03-31 17:39:54] 🌲 Expandindo menu...
[2026-03-31 17:39:54] 🧪 Entrando em Execução de Testes...
[2026-03-31 17:40:15] ✅ Tela de execução aberta: https://gtn.ninecon.com.br/ords/r/gtn/gtn/execu%C3%A7%C3%A3o-dos-testes?request=.&clear=NO&session=110325563309463&cs=3EPx_A-sGQgYOv4q0RDJA63aVqv42jZCjfSlzjCQjVIN8lWRsQJC9wctzbJWW9ZznfNTVF3rYThSqCCvgeXhqTg
[2026-03-31 17:40:15] ⚙️ Abrindo opções do relatório...
[2026-03-31 17:40:17] 📤 Abrindo menu Ações...
[2026-03-31 17:40:18] ⬇️ Baixando CSV...
[2026-03-31 17:40:26] ✅ CSV salvo em: C:\REPOSITORIOS\GTN_CENARIOS\SIT-Conecta\downloads\20260331_174026_Cenários.csv
[2026-03-31 17:40:26] 🧹 Tratando arquivo para dashboard...
[2026-03-31 17:40:26] ✅ Leitura realizada com sep=';' e encoding='latin1'
[2026-03-31 17:40:26] ✅ Arquivo final gerado: C:\REPOSITORIOS\GTN_CENARIOS\SIT-Conecta\dashboard_data\Cenarios_Consolidados_atualizado.csv
[2026-03-31 17:40:26] 🕒 Coluna 'Gerado em' preenchida com: 2026-03-31 17:40
[2026-03-31 17:40:35] 📸 Screenshot salvo em: C:\REPOSITORIOS\GTN_CENARIOS\SIT-Conecta\output\final_sucesso_20260331_174026.png
[2026-03-31 17:40:35] 📝 HTML salvo em: C:\REPOSITORIOS\GTN_CENARIOS\SIT-Conecta\output\final_sucesso_20260331_174026.html
[2026-03-31 17:40:35] 📌 Adicionando arquivo ao git: dashboard_data\Cenarios_Consolidados_atualizado.csv
[2026-03-31 17:40:35] 📝 Criando commit: Atualiza dashboard GTN em 2026-03-31 17:40:35
[2026-03-31 17:40:36] 🚀 Enviando para o GitHub...
[2026-03-31 17:40:40] ✅ Commit e push realizados com sucesso.
[2026-03-31 17:40:40] 🎯 Processo concluído com sucesso.
[2026-03-31 17:40:40] 📥 Arquivo bruto: C:\REPOSITORIOS\GTN_CENARIOS\SIT-Conecta\downloads\20260331_174026_Cenários.csv
[2026-03-31 17:40:40] 📊 Arquivo dashboard: C:\REPOSITORIOS\GTN_CENARIOS\SIT-Conecta\dashboard_data\Cenarios_Consolidados_atualizado.csv
[2026-03-31 17:40:40] ✅ Execução encerrada com sucesso.
[2026-03-31 17:40:40] ⏳ Aguardando 119 segundos para a próxima execução...

[2026-03-31 17:42:39] ==================================================
[2026-03-31 17:42:39] 🚀 Iniciando nova execução
[2026-03-31 17:42:39] ==================================================
[2026-03-31 17:42:41] 🌐 Abrindo login...
[2026-03-31 17:42:48] 🔐 Preenchendo credenciais...
[2026-03-31 17:42:48] ➡️ Clicando em Acessar...
[2026-03-31 17:42:55] ✅ Login concluído. URL atual: https://gtn.ninecon.com.br/ords/r/gtn/gtn/home?session=111002602454538
[2026-03-31 17:42:55] 📂 Abrindo grupo do programa...
[2026-03-31 17:42:59] 🧭 Abrindo navegação principal...
[2026-03-31 17:42:59] 🌲 Expandindo menu...
[2026-03-31 17:42:59] 🧪 Entrando em Execução de Testes...
[2026-03-31 17:43:23] ✅ Tela de execução aberta: https://gtn.ninecon.com.br/ords/r/gtn/gtn/execu%C3%A7%C3%A3o-dos-testes?request=.&clear=NO&session=111002602454538&cs=3BUXe3ijiWhvWCjsc6xXE8-ubanEhTtLwoJB28xkXXLYijZAN1ju64ROHXT8llc_Wfu3Vh2bT-tSn_fdtqRYslw
[2026-03-31 17:43:23] ⚙️ Abrindo opções do relatório...
[2026-03-31 17:43:27] 📤 Abrindo menu Ações...
[2026-03-31 17:43:28] ⬇️ Baixando CSV...
[2026-03-31 17:43:33] ✅ CSV salvo em: C:\REPOSITORIOS\GTN_CENARIOS\SIT-Conecta\downloads\20260331_174333_Cenários.csv
[2026-03-31 17:43:33] 🧹 Tratando arquivo para dashboard...
[2026-03-31 17:43:33] ✅ Leitura realizada com sep=';' e encoding='latin1'
[2026-03-31 17:43:33] ✅ Arquivo final gerado: C:\REPOSITORIOS\GTN_CENARIOS\SIT-Conecta\dashboard_data\Cenarios_Consolidados_atualizado.csv
[2026-03-31 17:43:33] 🕒 Coluna 'Gerado em' preenchida com: 2026-03-31 17:43
[2026-03-31 17:43:48] 📸 Screenshot salvo em: C:\REPOSITORIOS\GTN_CENARIOS\SIT-Conecta\output\final_sucesso_20260331_174333.png
[2026-03-31 17:43:48] 📝 HTML salvo em: C:\REPOSITORIOS\GTN_CENARIOS\SIT-Conecta\output\final_sucesso_20260331_174333.html
[2026-03-31 17:43:48] 📌 Adicionando arquivo ao git: dashboard_data\Cenarios_Consolidados_atualizado.csv
[2026-03-31 17:43:48] 📝 Criando commit: Atualiza dashboard GTN em 2026-03-31 17:43:48
[2026-03-31 17:43:48] 🚀 Enviando para o GitHub...
[2026-03-31 17:43:53] ✅ Commit e push realizados com sucesso.
[2026-03-31 17:43:53] 🎯 Processo concluído com sucesso.
[2026-03-31 17:43:53] 📥 Arquivo bruto: C:\REPOSITORIOS\GTN_CENARIOS\SIT-Conecta\downloads\20260331_174333_Cenários.csv
[2026-03-31 17:43:53] 📊 Arquivo dashboard: C:\REPOSITORIOS\GTN_CENARIOS\SIT-Conecta\dashboard_data\Cenarios_Consolidados_atualizado.csv
[2026-03-31 17:43:54] ✅ Execução encerrada com sucesso.
[2026-03-31 17:43:54] ⏳ Aguardando 105 segundos para a próxima execução...

[2026-03-31 17:45:39] ==================================================
[2026-03-31 17:45:39] 🚀 Iniciando nova execução
[2026-03-31 17:45:39] ==================================================
[2026-03-31 17:45:41] 🌐 Abrindo login...
[2026-03-31 17:45:46] 🔐 Preenchendo credenciais...
[2026-03-31 17:45:46] ➡️ Clicando em Acessar...
[2026-03-31 17:45:54] ✅ Login concluído. URL atual: https://gtn.ninecon.com.br/ords/r/gtn/gtn/home?session=117379803625691
[2026-03-31 17:45:54] 📂 Abrindo grupo do programa...
[2026-03-31 17:45:58] 🧭 Abrindo navegação principal...
[2026-03-31 17:45:58] 🌲 Expandindo menu...
[2026-03-31 17:45:58] 🧪 Entrando em Execução de Testes...
[2026-03-31 17:46:17] ✅ Tela de execução aberta: https://gtn.ninecon.com.br/ords/r/gtn/gtn/execu%C3%A7%C3%A3o-dos-testes?request=.&clear=NO&session=117379803625691&cs=3NSKN7Ql43pO05Km-M3Ke2tqPHmpysJOBpyPTHQPfHnAY87w5eOoRSFX1R-fQaxeMasByKTvvTfagJhq_XD0WxA
[2026-03-31 17:46:17] ⚙️ Abrindo opções do relatório...
[2026-03-31 17:46:21] 📤 Abrindo menu Ações...
[2026-03-31 17:46:22] ⬇️ Baixando CSV...
[2026-03-31 17:46:27] ✅ CSV salvo em: C:\REPOSITORIOS\GTN_CENARIOS\SIT-Conecta\downloads\20260331_174627_Cenários.csv
[2026-03-31 17:46:27] 🧹 Tratando arquivo para dashboard...
[2026-03-31 17:46:27] ✅ Leitura realizada com sep=';' e encoding='latin1'
[2026-03-31 17:46:27] ✅ Arquivo final gerado: C:\REPOSITORIOS\GTN_CENARIOS\SIT-Conecta\dashboard_data\Cenarios_Consolidados_atualizado.csv
[2026-03-31 17:46:27] 🕒 Coluna 'Gerado em' preenchida com: 2026-03-31 17:46
[2026-03-31 17:46:42] 📸 Screenshot salvo em: C:\REPOSITORIOS\GTN_CENARIOS\SIT-Conecta\output\final_sucesso_20260331_174627.png
[2026-03-31 17:46:42] 📝 HTML salvo em: C:\REPOSITORIOS\GTN_CENARIOS\SIT-Conecta\output\final_sucesso_20260331_174627.html
[2026-03-31 17:46:42] 📌 Adicionando arquivo ao git: dashboard_data\Cenarios_Consolidados_atualizado.csv
[2026-03-31 17:46:42] 📝 Criando commit: Atualiza dashboard GTN em 2026-03-31 17:46:42
[2026-03-31 17:46:42] 🚀 Enviando para o GitHub...
[2026-03-31 17:46:46] ✅ Commit e push realizados com sucesso.
[2026-03-31 17:46:46] 🎯 Processo concluído com sucesso.
[2026-03-31 17:46:46] 📥 Arquivo bruto: C:\REPOSITORIOS\GTN_CENARIOS\SIT-Conecta\downloads\20260331_174627_Cenários.csv
[2026-03-31 17:46:46] 📊 Arquivo dashboard: C:\REPOSITORIOS\GTN_CENARIOS\SIT-Conecta\dashboard_data\Cenarios_Consolidados_atualizado.csv
[2026-03-31 17:46:48] ✅ Execução encerrada com sucesso.
[2026-03-31 17:46:48] ⏳ Aguardando 111 segundos para a próxima execução...

[2026-03-31 17:48:39] ==================================================
[2026-03-31 17:48:39] 🚀 Iniciando nova execução
[2026-03-31 17:48:39] ==================================================
[2026-03-31 17:48:41] 🌐 Abrindo login...
[2026-03-31 17:48:49] 🔐 Preenchendo credenciais...
[2026-03-31 17:48:49] ➡️ Clicando em Acessar...
[2026-03-31 17:48:59] ✅ Login concluído. URL atual: https://gtn.ninecon.com.br/ords/r/gtn/gtn/home?session=116321340653942
[2026-03-31 17:48:59] 📂 Abrindo grupo do programa...
[2026-03-31 17:49:02] 🧭 Abrindo navegação principal...
[2026-03-31 17:49:02] 🌲 Expandindo menu...
[2026-03-31 17:49:02] 🧪 Entrando em Execução de Testes...
[2026-03-31 17:49:44] ⏰ Timeout: Timeout 30000ms exceeded.
[2026-03-31 17:49:44] 📸 Screenshot salvo em: C:\REPOSITORIOS\GTN_CENARIOS\SIT-Conecta\output\timeout_20260331_174944.png
[2026-03-31 17:49:44] 📝 HTML salvo em: C:\REPOSITORIOS\GTN_CENARIOS\SIT-Conecta\output\timeout_20260331_174944.html
[2026-03-31 17:49:45] ❌ Falha geral na execução: Timeout 30000ms exceeded.
[2026-03-31 17:49:45] Traceback (most recent call last):
  File "c:\REPOSITORIOS\GTN_CENARIOS\SIT-Conecta\script_gtn.py", line 263, in executar_com_controle
    executar_fluxo()
    ~~~~~~~~~~~~~~^^
  File "c:\REPOSITORIOS\GTN_CENARIOS\SIT-Conecta\script_gtn.py", line 225, in executar_fluxo
    abrir_execucao_testes(page)
    ~~~~~~~~~~~~~~~~~~~~~^^^^^^
  File "c:\REPOSITORIOS\GTN_CENARIOS\SIT-Conecta\script_gtn.py", line 97, in abrir_execucao_testes
    page.wait_for_load_state("networkidle", timeout=30000)
    ~~~~~~~~~~~~~~~~~~~~~~~~^^^^^^^^^^^^^^^^^^^^^^^^^^^^^^
  File "C:\REPOSITORIOS\GTN_CENARIOS\SIT-Conecta\.venv\Lib\site-packages\playwright\sync_api\_generated.py", line 9152, in wait_for_load_state
    self._sync(self._impl_obj.wait_for_load_state(state=state, timeout=timeout))
    ~~~~~~~~~~^^^^^^^^^^^^^^^^^^^^^^^^^^^^^^^^^^^^^^^^^^^^^^^^^^^^^^^^^^^^^^^^^^
  File "C:\REPOSITORIOS\GTN_CENARIOS\SIT-Conecta\.venv\Lib\site-packages\playwright\_impl\_sync_base.py", line 115, in _sync
    return task.result()
           ~~~~~~~~~~~^^
  File "C:\REPOSITORIOS\GTN_CENARIOS\SIT-Conecta\.venv\Lib\site-packages\playwright\_impl\_page.py", line 572, in wait_for_load_state
    return await self._main_frame.wait_for_load_state(**locals_to_params(locals()))
           ^^^^^^^^^^^^^^^^^^^^^^^^^^^^^^^^^^^^^^^^^^^^^^^^^^^^^^^^^^^^^^^^^^^^^^^^
  File "C:\REPOSITORIOS\GTN_CENARIOS\SIT-Conecta\.venv\Lib\site-packages\playwright\_impl\_frame.py", line 273, in wait_for_load_state
    return await self._wait_for_load_state_impl(state, timeout)
           ^^^^^^^^^^^^^^^^^^^^^^^^^^^^^^^^^^^^^^^^^^^^^^^^^^^^
  File "C:\REPOSITORIOS\GTN_CENARIOS\SIT-Conecta\.venv\Lib\site-packages\playwright\_impl\_frame.py", line 301, in _wait_for_load_state_impl
    await waiter.result()
playwright._impl._errors.TimeoutError: Timeout 30000ms exceeded.

[2026-03-31 17:49:45] ⏳ Aguardando 114 segundos para a próxima execução...

[2026-03-31 17:51:39] ==================================================
[2026-03-31 17:51:39] 🚀 Iniciando nova execução
[2026-03-31 17:51:39] ==================================================
[2026-03-31 17:51:41] 🌐 Abrindo login...
[2026-03-31 17:51:45] 🔐 Preenchendo credenciais...
[2026-03-31 17:51:45] ➡️ Clicando em Acessar...
[2026-03-31 17:51:53] ✅ Login concluído. URL atual: https://gtn.ninecon.com.br/ords/r/gtn/gtn/home?session=103317755620576
[2026-03-31 17:51:53] 📂 Abrindo grupo do programa...
[2026-03-31 17:51:59] 🧭 Abrindo navegação principal...
[2026-03-31 17:52:00] 🌲 Expandindo menu...
[2026-03-31 17:52:04] 🧪 Entrando em Execução de Testes...
[2026-03-31 17:52:25] ✅ Tela de execução aberta: https://gtn.ninecon.com.br/ords/r/gtn/gtn/execu%C3%A7%C3%A3o-dos-testes?request=.&clear=NO&session=103317755620576&cs=3kWyB43oy8s-_VkYDd2ONOnWUstdsf3sCyu_40haQqpsmBx6OCtbXQ9AYf75UEVnKBfFSv5mYb6M-Jj70WpV4Cg
[2026-03-31 17:52:25] ⚙️ Abrindo opções do relatório...
[2026-03-31 17:52:27] 📤 Abrindo menu Ações...
[2026-03-31 17:52:28] ⬇️ Baixando CSV...
[2026-03-31 17:52:32] ✅ CSV salvo em: C:\REPOSITORIOS\GTN_CENARIOS\SIT-Conecta\downloads\20260331_175232_Cenários.csv
[2026-03-31 17:52:32] 🧹 Tratando arquivo para dashboard...
[2026-03-31 17:52:32] ✅ Leitura realizada com sep=';' e encoding='latin1'
[2026-03-31 17:52:32] ✅ Arquivo final gerado: C:\REPOSITORIOS\GTN_CENARIOS\SIT-Conecta\dashboard_data\Cenarios_Consolidados_atualizado.csv
[2026-03-31 17:52:32] 🕒 Coluna 'Gerado em' preenchida com: 2026-03-31 17:52
[2026-03-31 17:52:42] 📸 Screenshot salvo em: C:\REPOSITORIOS\GTN_CENARIOS\SIT-Conecta\output\final_sucesso_20260331_175232.png
[2026-03-31 17:52:42] 📝 HTML salvo em: C:\REPOSITORIOS\GTN_CENARIOS\SIT-Conecta\output\final_sucesso_20260331_175232.html
[2026-03-31 17:52:42] 📌 Adicionando arquivo ao git: dashboard_data\Cenarios_Consolidados_atualizado.csv
[2026-03-31 17:52:42] 📝 Criando commit: Atualiza dashboard GTN em 2026-03-31 17:52:42
[2026-03-31 17:52:43] 🚀 Enviando para o GitHub...
[2026-03-31 17:52:47] ✅ Commit e push realizados com sucesso.
[2026-03-31 17:52:47] 🎯 Processo concluído com sucesso.
[2026-03-31 17:52:47] 📥 Arquivo bruto: C:\REPOSITORIOS\GTN_CENARIOS\SIT-Conecta\downloads\20260331_175232_Cenários.csv
[2026-03-31 17:52:47] 📊 Arquivo dashboard: C:\REPOSITORIOS\GTN_CENARIOS\SIT-Conecta\dashboard_data\Cenarios_Consolidados_atualizado.csv
[2026-03-31 17:52:48] ✅ Execução encerrada com sucesso.
[2026-03-31 17:52:48] ⏳ Aguardando 111 segundos para a próxima execução...

[2026-04-01 08:18:03] 🔁 Script configurado para rodar a cada 3 minutos.
[2026-04-01 08:18:03] ==================================================
[2026-04-01 08:18:03] 🚀 Iniciando nova execução
[2026-04-01 08:18:03] ==================================================
[2026-04-01 08:18:03] ❌ Falha geral na execução: Variáveis ausentes no .env: GTN_USER, GTN_PASS
[2026-04-01 08:18:03] Traceback (most recent call last):
  File "c:\REPOSITORIOS\GTN_CENARIOS\SIT-Conecta\script_gtn.py", line 263, in executar_com_controle
    executar_fluxo()
    ~~~~~~~~~~~~~~^^
  File "c:\REPOSITORIOS\GTN_CENARIOS\SIT-Conecta\script_gtn.py", line 216, in executar_fluxo
    validar_env()
    ~~~~~~~~~~~^^
  File "c:\REPOSITORIOS\GTN_CENARIOS\SIT-Conecta\script_gtn.py", line 47, in validar_env
    raise ValueError(f"Variáveis ausentes no .env: {', '.join(faltando)}")
ValueError: Variáveis ausentes no .env: GTN_USER, GTN_PASS

[2026-04-01 08:18:03] ⏳ Aguardando 179 segundos para a próxima execução...

[2026-04-01 08:18:24] 🔁 Script configurado para rodar a cada 3 minutos.
[2026-04-01 08:18:24] ==================================================
[2026-04-01 08:18:24] 🚀 Iniciando nova execução
[2026-04-01 08:18:24] ==================================================
[2026-04-01 08:18:24] ❌ Falha geral na execução: Variáveis ausentes no .env: GTN_USER, GTN_PASS
[2026-04-01 08:18:24] Traceback (most recent call last):
  File "c:\REPOSITORIOS\GTN_CENARIOS\SIT-Conecta\script_gtn.py", line 263, in executar_com_controle
    executar_fluxo()
    ~~~~~~~~~~~~~~^^
  File "c:\REPOSITORIOS\GTN_CENARIOS\SIT-Conecta\script_gtn.py", line 216, in executar_fluxo
    validar_env()
    ~~~~~~~~~~~^^
  File "c:\REPOSITORIOS\GTN_CENARIOS\SIT-Conecta\script_gtn.py", line 47, in validar_env
    raise ValueError(f"Variáveis ausentes no .env: {', '.join(faltando)}")
ValueError: Variáveis ausentes no .env: GTN_USER, GTN_PASS

[2026-04-01 08:18:24] ⏳ Aguardando 179 segundos para a próxima execução...

[2026-04-01 08:21:24] ==================================================
[2026-04-01 08:21:24] 🚀 Iniciando nova execução
[2026-04-01 08:21:24] ==================================================
[2026-04-01 08:21:24] ❌ Falha geral na execução: Variáveis ausentes no .env: GTN_USER, GTN_PASS
[2026-04-01 08:21:24] Traceback (most recent call last):
  File "c:\REPOSITORIOS\GTN_CENARIOS\SIT-Conecta\script_gtn.py", line 263, in executar_com_controle
    executar_fluxo()
    ~~~~~~~~~~~~~~^^
  File "c:\REPOSITORIOS\GTN_CENARIOS\SIT-Conecta\script_gtn.py", line 216, in executar_fluxo
    validar_env()
    ~~~~~~~~~~~^^
  File "c:\REPOSITORIOS\GTN_CENARIOS\SIT-Conecta\script_gtn.py", line 47, in validar_env
    raise ValueError(f"Variáveis ausentes no .env: {', '.join(faltando)}")
ValueError: Variáveis ausentes no .env: GTN_USER, GTN_PASS

[2026-04-01 08:21:24] ⏳ Aguardando 179 segundos para a próxima execução...

[2026-04-01 08:21:49] 🔁 Script configurado para rodar a cada 3 minutos.
[2026-04-01 08:21:49] ==================================================
[2026-04-01 08:21:49] 🚀 Iniciando nova execução
[2026-04-01 08:21:49] ==================================================
[2026-04-01 08:21:52] 🌐 Abrindo login...
[2026-04-01 08:22:28] 🔐 Preenchendo credenciais...
[2026-04-01 08:22:28] ➡️ Clicando em Acessar...
[2026-04-01 08:22:53] ✅ Login concluído. URL atual: https://gtn.ninecon.com.br/ords/r/gtn/gtn/home?session=109926561297550
[2026-04-01 08:22:53] 📂 Abrindo grupo do programa...
[2026-04-01 08:22:56] 🧭 Abrindo navegação principal...
[2026-04-01 08:22:56] 🌲 Expandindo menu...
[2026-04-01 08:22:56] 🧪 Entrando em Execução de Testes...
[2026-04-01 08:23:18] ✅ Tela de execução aberta: https://gtn.ninecon.com.br/ords/r/gtn/gtn/execu%C3%A7%C3%A3o-dos-testes?request=.&clear=NO&session=109926561297550&cs=3BPG2_4YvBEOyDexPbcMk7kjvvOnVVcS-biUGWtOtgUQjhHqghFgFmlepBVdO1I-7EUVuMrRRyvN3eyxFCNqLSg
[2026-04-01 08:23:18] ⚙️ Abrindo opções do relatório...
[2026-04-01 08:23:22] 📤 Abrindo menu Ações...
[2026-04-01 08:23:25] ⬇️ Baixando CSV...
[2026-04-01 08:23:45] ✅ CSV salvo em: C:\REPOSITORIOS\GTN_CENARIOS\SIT-Conecta\downloads\20260401_082344_Cenários.csv
[2026-04-01 08:23:45] 🧹 Tratando arquivo para dashboard...
[2026-04-01 08:23:45] ✅ Leitura realizada com sep=';' e encoding='latin1'
[2026-04-01 08:23:45] ✅ Arquivo final gerado: C:\REPOSITORIOS\GTN_CENARIOS\SIT-Conecta\dashboard_data\Cenarios_Consolidados_atualizado.csv
[2026-04-01 08:23:45] 🕒 Coluna 'Gerado em' preenchida com: 2026-04-01 08:23
[2026-04-01 08:23:59] 📸 Screenshot salvo em: C:\REPOSITORIOS\GTN_CENARIOS\SIT-Conecta\output\final_sucesso_20260401_082345.png
[2026-04-01 08:23:59] 📝 HTML salvo em: C:\REPOSITORIOS\GTN_CENARIOS\SIT-Conecta\output\final_sucesso_20260401_082345.html
[2026-04-01 08:23:59] 📌 Adicionando arquivo ao git: dashboard_data\Cenarios_Consolidados_atualizado.csv
[2026-04-01 08:23:59] 📝 Criando commit: Atualiza dashboard GTN em 2026-04-01 08:23:59
[2026-04-01 08:24:00] 🚀 Enviando para o GitHub...
[2026-04-01 08:24:05] ✅ Commit e push realizados com sucesso.
[2026-04-01 08:24:05] 🎯 Processo concluído com sucesso.
[2026-04-01 08:24:05] 📥 Arquivo bruto: C:\REPOSITORIOS\GTN_CENARIOS\SIT-Conecta\downloads\20260401_082344_Cenários.csv
[2026-04-01 08:24:05] 📊 Arquivo dashboard: C:\REPOSITORIOS\GTN_CENARIOS\SIT-Conecta\dashboard_data\Cenarios_Consolidados_atualizado.csv
[2026-04-01 08:24:06] ✅ Execução encerrada com sucesso.
[2026-04-01 08:24:06] ⏳ Aguardando 42 segundos para a próxima execução...

[2026-04-01 08:24:49] ==================================================
[2026-04-01 08:24:49] 🚀 Iniciando nova execução
[2026-04-01 08:24:49] ==================================================
[2026-04-01 08:24:51] 🌐 Abrindo login...
[2026-04-01 09:15:00] 🔁 Script configurado para rodar a cada 60 minutos.
[2026-04-01 09:15:00] ==================================================
[2026-04-01 09:15:00] 🚀 Iniciando nova execução
[2026-04-01 09:15:00] ==================================================
[2026-04-01 09:15:12] 🔁 Script configurado para rodar a cada 60 minutos.
[2026-04-01 09:15:12] ==================================================
[2026-04-01 09:15:12] 🚀 Iniciando nova execução
[2026-04-01 09:15:12] ==================================================
[2026-04-01 09:15:14] 🌐 Abrindo login...
[2026-04-01 09:15:26] 🔐 Preenchendo credenciais...
[2026-04-01 09:15:26] ➡️ Clicando em Acessar...
[2026-04-01 09:15:38] ✅ Login concluído. URL atual: https://gtn.ninecon.com.br/ords/r/gtn/gtn/home?session=106283117669864
[2026-04-01 09:15:38] 📂 Abrindo grupo do programa...
[2026-04-01 09:15:42] 🧭 Abrindo navegação principal...
[2026-04-01 09:15:42] 🌲 Expandindo menu...
[2026-04-01 09:15:43] 🧪 Entrando em Execução de Testes...
[2026-04-01 09:16:22] ⏰ Timeout: Timeout 30000ms exceeded.
[2026-04-01 09:16:23] 📸 Screenshot salvo em: C:\REPOSITORIOS\GTN_CENARIOS\SIT-Conecta\output\timeout_20260401_091622.png
[2026-04-01 09:16:23] 📝 HTML salvo em: C:\REPOSITORIOS\GTN_CENARIOS\SIT-Conecta\output\timeout_20260401_091622.html
[2026-04-01 09:16:23] ❌ Falha geral na execução: Timeout 30000ms exceeded.
[2026-04-01 09:16:23] Traceback (most recent call last):
  File "c:\REPOSITORIOS\GTN_CENARIOS\SIT-Conecta\script_gtn.py", line 263, in executar_com_controle
    executar_fluxo()
    ~~~~~~~~~~~~~~^^
  File "c:\REPOSITORIOS\GTN_CENARIOS\SIT-Conecta\script_gtn.py", line 225, in executar_fluxo
    abrir_execucao_testes(page)
    ~~~~~~~~~~~~~~~~~~~~~^^^^^^
  File "c:\REPOSITORIOS\GTN_CENARIOS\SIT-Conecta\script_gtn.py", line 97, in abrir_execucao_testes
    page.wait_for_load_state("networkidle", timeout=30000)
    ~~~~~~~~~~~~~~~~~~~~~~~~^^^^^^^^^^^^^^^^^^^^^^^^^^^^^^
  File "C:\REPOSITORIOS\GTN_CENARIOS\SIT-Conecta\.venv\Lib\site-packages\playwright\sync_api\_generated.py", line 9152, in wait_for_load_state
    self._sync(self._impl_obj.wait_for_load_state(state=state, timeout=timeout))
    ~~~~~~~~~~^^^^^^^^^^^^^^^^^^^^^^^^^^^^^^^^^^^^^^^^^^^^^^^^^^^^^^^^^^^^^^^^^^
  File "C:\REPOSITORIOS\GTN_CENARIOS\SIT-Conecta\.venv\Lib\site-packages\playwright\_impl\_sync_base.py", line 115, in _sync
    return task.result()
           ~~~~~~~~~~~^^
  File "C:\REPOSITORIOS\GTN_CENARIOS\SIT-Conecta\.venv\Lib\site-packages\playwright\_impl\_page.py", line 572, in wait_for_load_state
    return await self._main_frame.wait_for_load_state(**locals_to_params(locals()))
           ^^^^^^^^^^^^^^^^^^^^^^^^^^^^^^^^^^^^^^^^^^^^^^^^^^^^^^^^^^^^^^^^^^^^^^^^
  File "C:\REPOSITORIOS\GTN_CENARIOS\SIT-Conecta\.venv\Lib\site-packages\playwright\_impl\_frame.py", line 273, in wait_for_load_state
    return await self._wait_for_load_state_impl(state, timeout)
           ^^^^^^^^^^^^^^^^^^^^^^^^^^^^^^^^^^^^^^^^^^^^^^^^^^^^
  File "C:\REPOSITORIOS\GTN_CENARIOS\SIT-Conecta\.venv\Lib\site-packages\playwright\_impl\_frame.py", line 301, in _wait_for_load_state_impl
    await waiter.result()
playwright._impl._errors.TimeoutError: Timeout 30000ms exceeded.

[2026-04-01 09:16:23] ⏳ Aguardando 3528 segundos para a próxima execução...

[2026-04-01 11:09:18] 🔁 Script configurado para rodar a cada 60 minutos.
[2026-04-01 11:09:18] ==================================================
[2026-04-01 11:09:18] 🚀 Iniciando nova execução
[2026-04-01 11:09:18] ==================================================
[2026-04-01 11:09:37] 🔁 Script configurado para rodar a cada 60 minutos.
[2026-04-01 11:09:37] ==================================================
[2026-04-01 11:09:37] 🚀 Iniciando nova execução
[2026-04-01 11:09:37] ==================================================
[2026-04-01 11:09:39] 🌐 Abrindo login...
[2026-04-01 11:10:02] 🔐 Preenchendo credenciais...
[2026-04-01 11:10:02] ➡️ Clicando em Acessar...
[2026-04-01 11:10:20] ✅ Login concluído. URL atual: https://gtn.ninecon.com.br/ords/r/gtn/gtn/home?session=103684149626229
[2026-04-01 11:10:20] 📂 Abrindo grupo do programa...
[2026-04-01 11:10:24] 🧭 Abrindo navegação principal...
[2026-04-01 11:10:24] 🌲 Expandindo menu...
[2026-04-01 11:10:24] 🧪 Entrando em Execução de Testes...
[2026-04-01 11:10:35] ✅ Tela de execução aberta: https://gtn.ninecon.com.br/ords/r/gtn/gtn/execu%C3%A7%C3%A3o-dos-testes?request=.&clear=NO&session=103684149626229&cs=3o0QMYmgG32ZX--p4gjjl0Nfct_6SMuSoORzmL8H9THTdJ8O0sdvFrYQInaA01Nb8896lW3bujGkOi-8bYBW7aA
[2026-04-01 11:10:35] ⚙️ Abrindo opções do relatório...
[2026-04-01 11:11:05] ⏰ Timeout: Locator.click: Timeout 30000ms exceeded.
Call log:
  - waiting for get_by_role("button", name="Editar Relatório")

[2026-04-01 11:11:07] 📸 Screenshot salvo em: C:\REPOSITORIOS\GTN_CENARIOS\SIT-Conecta\output\timeout_20260401_111105.png
[2026-04-01 11:11:07] 📝 HTML salvo em: C:\REPOSITORIOS\GTN_CENARIOS\SIT-Conecta\output\timeout_20260401_111105.html
[2026-04-01 11:11:07] ❌ Falha geral na execução: Locator.click: Timeout 30000ms exceeded.
Call log:
  - waiting for get_by_role("button", name="Editar Relatório")

[2026-04-01 11:11:07] Traceback (most recent call last):
  File "c:\REPOSITORIOS\GTN_CENARIOS\SIT-Conecta\script_gtn.py", line 263, in executar_com_controle
    executar_fluxo()
    ~~~~~~~~~~~~~~^^
  File "c:\REPOSITORIOS\GTN_CENARIOS\SIT-Conecta\script_gtn.py", line 226, in executar_fluxo
    arquivo_csv_baixado = exportar_csv(page)
  File "c:\REPOSITORIOS\GTN_CENARIOS\SIT-Conecta\script_gtn.py", line 103, in exportar_csv
    page.get_by_role("button", name="Editar Relatório").click()
    ~~~~~~~~~~~~~~~~~~~~~~~~~~~~~~~~~~~~~~~~~~~~~~~~~~~~~~~~~^^
  File "C:\REPOSITORIOS\GTN_CENARIOS\SIT-Conecta\.venv\Lib\site-packages\playwright\sync_api\_generated.py", line 15631, in click
    self._sync(
    ~~~~~~~~~~^
        self._impl_obj.click(
        ^^^^^^^^^^^^^^^^^^^^^
    ...<10 lines>...
        )
        ^
    )
    ^
  File "C:\REPOSITORIOS\GTN_CENARIOS\SIT-Conecta\.venv\Lib\site-packages\playwright\_impl\_sync_base.py", line 115, in _sync
    return task.result()
           ~~~~~~~~~~~^^
  File "C:\REPOSITORIOS\GTN_CENARIOS\SIT-Conecta\.venv\Lib\site-packages\playwright\_impl\_locator.py", line 162, in click
    return await self._frame._click(self._selector, strict=True, **params)
           ^^^^^^^^^^^^^^^^^^^^^^^^^^^^^^^^^^^^^^^^^^^^^^^^^^^^^^^^^^^^^^^
  File "C:\REPOSITORIOS\GTN_CENARIOS\SIT-Conecta\.venv\Lib\site-packages\playwright\_impl\_frame.py", line 566, in _click
    await self._channel.send("click", self._timeout, locals_to_params(locals()))
  File "C:\REPOSITORIOS\GTN_CENARIOS\SIT-Conecta\.venv\Lib\site-packages\playwright\_impl\_connection.py", line 69, in send
    return await self._connection.wrap_api_call(
           ^^^^^^^^^^^^^^^^^^^^^^^^^^^^^^^^^^^^^
    ...<3 lines>...
    )
    ^
  File "C:\REPOSITORIOS\GTN_CENARIOS\SIT-Conecta\.venv\Lib\site-packages\playwright\_impl\_connection.py", line 559, in wrap_api_call
    raise rewrite_error(error, f"{parsed_st['apiName']}: {error}") from None
playwright._impl._errors.TimeoutError: Locator.click: Timeout 30000ms exceeded.
Call log:
  - waiting for get_by_role("button", name="Editar Relatório")


[2026-04-01 11:11:07] ⏳ Aguardando 3509 segundos para a próxima execução...

