[2026-04-01 11:48:08] ==================================================
[2026-04-01 11:48:08] 🚀 Iniciando execução pontual do GTN
[2026-04-01 11:48:08] ==================================================
[2026-04-01 11:48:09] 🌐 Abrindo tela de login...
[2026-04-01 11:49:06] 🔐 Preenchendo credenciais...
[2026-04-01 11:49:07] ➡️ Clicando em Acessar...
[2026-04-01 11:49:23] ✅ Login concluído. URL atual: https://gtn.ninecon.com.br/ords/r/gtn/gtn/home?session=115541241879826
[2026-04-01 11:49:23] 📂 Abrindo grupo do programa...
[2026-04-01 11:49:34] 🧭 Abrindo navegação principal...
[2026-04-01 11:49:34] 🌲 Expandindo árvore...
[2026-04-01 11:49:35] 🧪 Entrando em Execução de Testes...
[2026-04-01 11:49:44] ✅ Tela de execução carregada: https://gtn.ninecon.com.br/ords/r/gtn/gtn/execu%C3%A7%C3%A3o-dos-testes?request=.&clear=NO&session=115541241879826&cs=3DcDPrUDxW3tlq0PI3sMqMpjR3K0gP-uyHCR-aqvxwduVq8_G6NHlnddgkJPICkM1yYGGJRAot3aS6kdR4XVL7g
[2026-04-01 11:49:44] 🔎 Abrindo filtro...
[2026-04-01 11:49:45] 🧩 Selecionando coluna LIDER_CENARIO...
[2026-04-01 11:49:46] 🧩 Selecionando operador IN...
[2026-04-01 11:49:46] 🧾 Preenchendo expressão: Wilson Alves,Walceir Hernandes,Camila Lorena Maciel
[2026-04-01 11:49:46] ✅ Aplicando filtro...
[2026-04-01 11:49:46] 📄 Ajustando quantidade de linhas para 100000...
[2026-04-01 11:49:46] 📤 Abrindo menu de download...
[2026-04-01 11:49:47] 📄 Selecionando formato CSV...
[2026-04-01 11:49:50] ⬇️ Iniciando download...
[2026-04-01 11:50:13] ✅ CSV salvo em: C:\REPOSITORIOS\GTN_CENARIOS\SIT-Conecta\downloads\20260401_115013_Cenários.csv
[2026-04-01 11:50:13] 🪟 Janela de download fechada.
[2026-04-01 11:50:13] 🧹 Tratando CSV para o dashboard...
[2026-04-01 11:50:13] ✅ CSV lido com sep=';' e encoding='latin1'
[2026-04-01 11:50:13] ✅ Arquivo final gerado: C:\REPOSITORIOS\GTN_CENARIOS\SIT-Conecta\dashboard_data\Cenarios_Consolidados_atualizado.csv
[2026-04-01 11:50:13] 🕒 Coluna 'Gerado em' preenchida com: 2026-04-01 11:50
[2026-04-01 11:50:14] 📸 Screenshot salvo em: C:\REPOSITORIOS\GTN_CENARIOS\SIT-Conecta\output\final_sucesso_20260401_115013.png
[2026-04-01 11:50:14] 📝 HTML salvo em: C:\REPOSITORIOS\GTN_CENARIOS\SIT-Conecta\output\final_sucesso_20260401_115013.html
[2026-04-01 11:50:14] 🎯 Processo concluído com sucesso.
[2026-04-01 11:50:14] 📥 Arquivo bruto: C:\REPOSITORIOS\GTN_CENARIOS\SIT-Conecta\downloads\20260401_115013_Cenários.csv
[2026-04-01 11:50:14] 📊 Arquivo dashboard: C:\REPOSITORIOS\GTN_CENARIOS\SIT-Conecta\dashboard_data\Cenarios_Consolidados_atualizado.csv
[2026-04-01 11:50:15] ✅ Execução encerrada com sucesso.
[2026-04-01 11:59:28] ==================================================
[2026-04-01 11:59:28] 🚀 Iniciando execução pontual do GTN
[2026-04-01 11:59:28] ==================================================
[2026-04-01 11:59:30] 🌐 Abrindo tela de login...
[2026-04-01 11:59:40] 🔐 Preenchendo credenciais...
[2026-04-01 11:59:40] ➡️ Clicando em Acessar...
[2026-04-01 11:59:51] ✅ Login concluído. URL atual: https://gtn.ninecon.com.br/ords/r/gtn/gtn/home?session=112285497472105
[2026-04-01 11:59:51] 📂 Abrindo grupo do programa...
[2026-04-01 11:59:54] 🧭 Abrindo navegação principal...
[2026-04-01 11:59:54] 🌲 Expandindo árvore...
[2026-04-01 11:59:55] 🧪 Entrando em Execução de Testes...
[2026-04-01 12:00:00] ✅ Tela de execução carregada: https://gtn.ninecon.com.br/ords/r/gtn/gtn/execu%C3%A7%C3%A3o-dos-testes?request=.&clear=NO&session=112285497472105&cs=3XkoHvgZaQRTf0yHXO1WdKy9Z7ehuX5GzmaXTJkhBS-aayMVkixZcwpjhX973R49C0dQuGlKYS32OLIsaoAn8ZQ
[2026-04-01 12:00:00] 🔎 Abrindo filtro...
[2026-04-01 12:00:01] 🧩 Selecionando coluna LIDER_CENARIO...
[2026-04-01 12:00:02] 🧩 Selecionando operador IN...
[2026-04-01 12:00:02] 🧾 Preenchendo expressão: Wilson Alves,Walceir Hernandes,Camila Lorena Maciel
[2026-04-01 12:00:02] ✅ Aplicando filtro...
[2026-04-01 12:00:02] 📄 Ajustando quantidade de linhas para 100000...
[2026-04-01 12:00:02] 📤 Abrindo menu de download...
[2026-04-01 12:00:03] 📄 Selecionando formato CSV...
[2026-04-01 12:00:03] ⬇️ Iniciando download...
[2026-04-01 12:00:16] ✅ CSV salvo em: C:\REPOSITORIOS\GTN_CENARIOS\SIT-Conecta\downloads\20260401_120016_Cenários.csv
[2026-04-01 12:00:16] 🪟 Janela de download fechada.
[2026-04-01 12:00:16] 🧹 Tratando CSV para o dashboard...
[2026-04-01 12:00:16] ✅ CSV lido com sep=';' e encoding='latin1'
[2026-04-01 12:00:16] ✅ Arquivo final gerado: C:\REPOSITORIOS\GTN_CENARIOS\SIT-Conecta\dashboard_data\Cenarios_Consolidados_atualizado.csv
[2026-04-01 12:00:16] 🕒 Coluna 'Gerado em' preenchida com: 2026-04-01 12:00
[2026-04-01 12:00:18] 📸 Screenshot salvo em: C:\REPOSITORIOS\GTN_CENARIOS\SIT-Conecta\output\final_sucesso_20260401_120016.png
[2026-04-01 12:00:18] 📝 HTML salvo em: C:\REPOSITORIOS\GTN_CENARIOS\SIT-Conecta\output\final_sucesso_20260401_120016.html
[2026-04-01 12:00:18] 📌 Adicionando arquivo ao git: dashboard_data\Cenarios_Consolidados_atualizado.csv
[2026-04-01 12:00:19] 📝 Criando commit: Atualiza dashboard GTN em 2026-04-01 12:00:19
[2026-04-01 12:00:19] 🚀 Enviando para o GitHub...
[2026-04-01 12:00:27] ✅ Commit e push realizados com sucesso.
[2026-04-01 12:00:28] 🎯 Processo concluído com sucesso.
[2026-04-01 12:00:28] 📥 Arquivo bruto: C:\REPOSITORIOS\GTN_CENARIOS\SIT-Conecta\downloads\20260401_120016_Cenários.csv
[2026-04-01 12:00:28] 📊 Arquivo dashboard: C:\REPOSITORIOS\GTN_CENARIOS\SIT-Conecta\dashboard_data\Cenarios_Consolidados_atualizado.csv
[2026-04-01 12:00:29] ✅ Execução encerrada com sucesso.
[2026-04-01 13:42:34] ==================================================
[2026-04-01 13:42:34] 🚀 Iniciando execução pontual do GTN
[2026-04-01 13:42:34] ==================================================
[2026-04-01 13:42:36] 🌐 Abrindo tela de login...
[2026-04-01 13:42:48] 🔐 Preenchendo credenciais...
[2026-04-01 13:42:48] ➡️ Clicando em Acessar...
[2026-04-01 13:43:03] ✅ Login concluído. URL atual: https://gtn.ninecon.com.br/ords/r/gtn/gtn/home?session=108404000825320
[2026-04-01 13:43:03] 📂 Abrindo grupo do programa...
[2026-04-01 13:43:07] 🧭 Abrindo navegação principal...
[2026-04-01 13:43:07] 🌲 Expandindo árvore...
[2026-04-01 13:43:07] 🧪 Entrando em Execução de Testes...
[2026-04-01 13:43:15] ✅ Tela de execução carregada: https://gtn.ninecon.com.br/ords/r/gtn/gtn/execu%C3%A7%C3%A3o-dos-testes?request=.&clear=NO&session=108404000825320&cs=3C5hp663HUl9Wp8aJqt9uvxf5Whhc4UUy4DuyDRUs7GGWGlGT8Eiib2dgm6E5RlcEMJBeyEKPwr2NeN18XUmHkQ
[2026-04-01 13:43:15] 🔎 Abrindo filtro...
[2026-04-01 13:43:15] 🧩 Selecionando coluna LIDER_CENARIO...
[2026-04-01 13:43:17] 🧩 Selecionando operador IN...
[2026-04-01 13:43:17] 🧾 Preenchendo expressão: Wilson Alves,Walceir Hernandes,Camila Lorena Maciel
[2026-04-01 13:43:17] ✅ Aplicando filtro...
[2026-04-01 13:43:17] 📄 Ajustando quantidade de linhas para 100000...
[2026-04-01 13:43:17] 📤 Abrindo menu de download...
[2026-04-01 13:43:18] 📄 Selecionando formato CSV...
[2026-04-01 13:43:18] ⬇️ Iniciando download...
[2026-04-01 13:43:30] ✅ CSV salvo em: C:\REPOSITORIOS\GTN_CENARIOS\SIT-Conecta\downloads\20260401_134330_Cenários.csv
[2026-04-01 13:43:30] 🪟 Janela de download fechada.
[2026-04-01 13:43:30] 🧹 Tratando CSV para o dashboard...
[2026-04-01 13:43:30] ✅ CSV lido com sep=';' e encoding='latin1'
[2026-04-01 13:43:30] ✅ Arquivo final gerado: C:\REPOSITORIOS\GTN_CENARIOS\SIT-Conecta\dashboard_data\Cenarios_Consolidados_atualizado.csv
[2026-04-01 13:43:30] 🕒 Coluna 'Gerado em' preenchida com: 2026-04-01 13:43
[2026-04-01 13:43:32] 📸 Screenshot salvo em: C:\REPOSITORIOS\GTN_CENARIOS\SIT-Conecta\output\final_sucesso_20260401_134330.png
[2026-04-01 13:43:32] 📝 HTML salvo em: C:\REPOSITORIOS\GTN_CENARIOS\SIT-Conecta\output\final_sucesso_20260401_134330.html
[2026-04-01 13:43:32] 📌 Adicionando arquivo ao git: dashboard_data\Cenarios_Consolidados_atualizado.csv
[2026-04-01 13:43:32] 📝 Criando commit: Atualiza dashboard GTN em 2026-04-01 13:43:32
[2026-04-01 13:43:32] 🚀 Enviando para o GitHub...
[2026-04-01 13:43:38] ✅ Commit e push realizados com sucesso.
[2026-04-01 13:43:38] 🎯 Processo concluído com sucesso.
[2026-04-01 13:43:38] 📥 Arquivo bruto: C:\REPOSITORIOS\GTN_CENARIOS\SIT-Conecta\downloads\20260401_134330_Cenários.csv
[2026-04-01 13:43:38] 📊 Arquivo dashboard: C:\REPOSITORIOS\GTN_CENARIOS\SIT-Conecta\dashboard_data\Cenarios_Consolidados_atualizado.csv
[2026-04-01 13:43:39] ✅ Execução encerrada com sucesso.
[2026-04-02 08:17:19] ==================================================
[2026-04-02 08:17:19] 🚀 Iniciando execução pontual do GTN
[2026-04-02 08:17:19] ==================================================
[2026-04-02 08:17:24] 🌐 Abrindo tela de login...
[2026-04-02 08:17:37] 🔐 Preenchendo credenciais...
[2026-04-02 08:17:37] ➡️ Clicando em Acessar...
[2026-04-02 08:17:47] ✅ Login concluído. URL atual: https://gtn.ninecon.com.br/ords/r/gtn/gtn/home?session=103294755897966
[2026-04-02 08:17:47] 📂 Abrindo grupo do programa...
[2026-04-02 08:17:51] 🧭 Abrindo navegação principal...
[2026-04-02 08:17:51] 🌲 Expandindo árvore...
[2026-04-02 08:17:51] 🧪 Entrando em Execução de Testes...
[2026-04-02 08:18:01] ✅ Tela de execução carregada: https://gtn.ninecon.com.br/ords/r/gtn/gtn/execu%C3%A7%C3%A3o-dos-testes?request=.&clear=NO&session=103294755897966&cs=3kvtOm3C-sEPzINJLreyx6lXmcLovNMc1uQp9fJqxdMSY8vPiHcVs5sPG4LFSX8XOOjWwVivijA0lNlPGJ_9dfA
[2026-04-02 08:18:01] 🔎 Abrindo filtro...
[2026-04-02 08:18:01] 🧩 Selecionando coluna LIDER_CENARIO...
[2026-04-02 08:18:02] 🧩 Selecionando operador IN...
[2026-04-02 08:18:02] 🧾 Preenchendo expressão: Wilson Alves,Walceir Hernandes,Camila Lorena Maciel
[2026-04-02 08:18:02] ✅ Aplicando filtro...
[2026-04-02 08:18:02] 📄 Ajustando quantidade de linhas para 100000...
[2026-04-02 08:18:02] 📤 Abrindo menu de download...
[2026-04-02 08:18:03] 📄 Selecionando formato CSV...
[2026-04-02 08:18:04] ⬇️ Iniciando download...
[2026-04-02 08:18:15] ✅ CSV salvo em: C:\REPOSITORIOS\GTN_CENARIOS\SIT-Conecta\downloads\20260402_081815_Cenários.csv
[2026-04-02 08:18:15] 🪟 Janela de download fechada.
[2026-04-02 08:18:15] 🧹 Tratando CSV para o dashboard...
[2026-04-02 08:18:15] ✅ CSV lido com sep=';' e encoding='latin1'
[2026-04-02 08:18:15] ✅ Arquivo final gerado: C:\REPOSITORIOS\GTN_CENARIOS\SIT-Conecta\dashboard_data\Cenarios_Consolidados_atualizado.csv
[2026-04-02 08:18:15] 🕒 Coluna 'Gerado em' preenchida com: 2026-04-02 08:18
[2026-04-02 08:18:16] 📸 Screenshot salvo em: C:\REPOSITORIOS\GTN_CENARIOS\SIT-Conecta\output\final_sucesso_20260402_081815.png
[2026-04-02 08:18:16] 📝 HTML salvo em: C:\REPOSITORIOS\GTN_CENARIOS\SIT-Conecta\output\final_sucesso_20260402_081815.html
[2026-04-02 08:18:16] 📌 Adicionando arquivo ao git: dashboard_data\Cenarios_Consolidados_atualizado.csv
[2026-04-02 08:18:16] 📝 Criando commit: Atualiza dashboard GTN em 2026-04-02 08:18:16
[2026-04-02 08:18:17] 🚀 Enviando para o GitHub...
[2026-04-02 08:18:22] ✅ Commit e push realizados com sucesso.
[2026-04-02 08:18:22] 🎯 Processo concluído com sucesso.
[2026-04-02 08:18:22] 📥 Arquivo bruto: C:\REPOSITORIOS\GTN_CENARIOS\SIT-Conecta\downloads\20260402_081815_Cenários.csv
[2026-04-02 08:18:22] 📊 Arquivo dashboard: C:\REPOSITORIOS\GTN_CENARIOS\SIT-Conecta\dashboard_data\Cenarios_Consolidados_atualizado.csv
[2026-04-02 08:18:22] ✅ Execução encerrada com sucesso.
